# lattice-best-path --lm-scale=12 --word-symbol-table=exp/mono/graph/words.txt "ark:gunzip -c exp/mono/decode/lat.*.gz|" ark,t:exp/mono/decode/scoring/12.tra 
# Started at Wed Oct 27 13:36:42 +03 2021
#
lattice-best-path --lm-scale=12 --word-symbol-table=exp/mono/graph/words.txt 'ark:gunzip -c exp/mono/decode/lat.*.gz|' ark,t:exp/mono/decode/scoring/12.tra 
LOG (lattice-best-path[5.5.987~1-eb8d0]:main():lattice-best-path.cc:99) For utterance 1_0_0_0_0_0_0_0, best cost 555.656 + 51296.3 = 51851.9 over 668 frames.
1_0_0_0_0_0_0_0 YES NO NO NO NO NO NO NO 
LOG (lattice-best-path[5.5.987~1-eb8d0]:main():lattice-best-path.cc:99) For utterance 1_0_0_0_0_0_0_1, best cost 553.868 + 52881.1 = 53435 over 672 frames.
1_0_0_0_0_0_0_1 YES NO NO NO NO NO NO YES 
LOG (lattice-best-path[5.5.987~1-eb8d0]:main():lattice-best-path.cc:99) For utterance 1_0_0_0_0_0_1_1, best cost 512.289 + 48216.2 = 48728.5 over 625 frames.
1_0_0_0_0_0_1_1 YES NO NO NO NO NO YES YES 
LOG (lattice-best-path[5.5.987~1-eb8d0]:main():lattice-best-path.cc:99) For utterance 1_0_0_0_1_0_0_1, best cost 481.996 + 48192.9 = 48674.9 over 621 frames.
1_0_0_0_1_0_0_1 YES NO NO NO YES NO NO YES 
LOG (lattice-best-path[5.5.987~1-eb8d0]:main():lattice-best-path.cc:99) For utterance 1_0_0_1_0_1_1_1, best cost 588.168 + 53333.5 = 53921.6 over 613 frames.
1_0_0_1_0_1_1_1 NO YES NO YES NO YES NO YES YES YES 
LOG (lattice-best-path[5.5.987~1-eb8d0]:main():lattice-best-path.cc:99) For utterance 1_0_1_0_1_0_0_1, best cost 476.38 + 39759.1 = 40235.5 over 492 frames.
1_0_1_0_1_0_0_1 YES NO YES NO YES NO NO YES 
LOG (lattice-best-path[5.5.987~1-eb8d0]:main():lattice-best-path.cc:99) For utterance 1_0_1_1_0_1_1_1, best cost 468.519 + 46445.2 = 46913.8 over 594 frames.
1_0_1_1_0_1_1_1 YES NO YES YES NO YES YES YES 
LOG (lattice-best-path[5.5.987~1-eb8d0]:main():lattice-best-path.cc:99) For utterance 1_0_1_1_1_0_1_0, best cost 524.465 + 47349.4 = 47873.9 over 596 frames.
1_0_1_1_1_0_1_0 YES NO YES YES YES NO YES NO 
LOG (lattice-best-path[5.5.987~1-eb8d0]:main():lattice-best-path.cc:99) For utterance 1_0_1_1_1_1_0_1, best cost 473.079 + 49924.8 = 50397.9 over 640 frames.
1_0_1_1_1_1_0_1 YES NO YES YES YES YES NO YES 
LOG (lattice-best-path[5.5.987~1-eb8d0]:main():lattice-best-path.cc:99) For utterance 1_1_0_0_0_0_0_1, best cost 535.243 + 50472.2 = 51007.5 over 606 frames.
1_1_0_0_0_0_0_1 YES YES NO NO NO NO NO YES 
LOG (lattice-best-path[5.5.987~1-eb8d0]:main():lattice-best-path.cc:99) For utterance 1_1_0_0_0_1_1_1, best cost 496.686 + 48251.7 = 48748.4 over 616 frames.
1_1_0_0_0_1_1_1 YES YES NO NO NO YES YES YES 
LOG (lattice-best-path[5.5.987~1-eb8d0]:main():lattice-best-path.cc:99) For utterance 1_1_0_0_1_0_1_0, best cost 455.739 + 49149 = 49604.8 over 570 frames.
1_1_0_0_1_0_1_0 NO YES YES NO NO YES NO YES NO 
LOG (lattice-best-path[5.5.987~1-eb8d0]:main():lattice-best-path.cc:99) For utterance 1_1_0_0_1_0_1_1, best cost 515.499 + 47296.2 = 47811.7 over 612 frames.
1_1_0_0_1_0_1_1 YES YES NO NO YES NO YES YES 
LOG (lattice-best-path[5.5.987~1-eb8d0]:main():lattice-best-path.cc:99) For utterance 1_1_0_0_1_1_1_0, best cost 534.416 + 48344.4 = 48878.8 over 616 frames.
1_1_0_0_1_1_1_0 YES YES NO NO YES YES YES NO 
LOG (lattice-best-path[5.5.987~1-eb8d0]:main():lattice-best-path.cc:99) For utterance 1_1_0_1_0_1_0_0, best cost 505.984 + 42577.3 = 43083.3 over 546 frames.
1_1_0_1_0_1_0_0 YES YES NO YES NO YES NO NO 
LOG (lattice-best-path[5.5.987~1-eb8d0]:main():lattice-best-path.cc:99) For utterance 1_1_0_1_0_1_1_0, best cost 509.532 + 46214.9 = 46724.5 over 599 frames.
1_1_0_1_0_1_1_0 YES YES NO YES NO YES YES NO 
LOG (lattice-best-path[5.5.987~1-eb8d0]:main():lattice-best-path.cc:99) For utterance 1_1_0_1_1_0_0_1, best cost 484.929 + 51008.8 = 51493.7 over 612 frames.
1_1_0_1_1_0_0_1 YES YES NO YES YES NO NO YES 
LOG (lattice-best-path[5.5.987~1-eb8d0]:main():lattice-best-path.cc:99) For utterance 1_1_0_1_1_0_1_1, best cost 492.179 + 45751.9 = 46244.1 over 585 frames.
1_1_0_1_1_0_1_1 YES YES NO YES YES NO YES YES 
LOG (lattice-best-path[5.5.987~1-eb8d0]:main():lattice-best-path.cc:99) For utterance 1_1_0_1_1_1_1_0, best cost 487.367 + 51208.2 = 51695.6 over 619 frames.
1_1_0_1_1_1_1_0 NO YES YES NO YES YES YES YES NO 
LOG (lattice-best-path[5.5.987~1-eb8d0]:main():lattice-best-path.cc:99) For utterance 1_1_1_0_0_0_0_1, best cost 478.078 + 46716.7 = 47194.8 over 602 frames.
1_1_1_0_0_0_0_1 YES YES YES NO NO NO NO YES 
LOG (lattice-best-path[5.5.987~1-eb8d0]:main():lattice-best-path.cc:99) For utterance 1_1_1_0_0_1_0_1, best cost 515.003 + 48801.4 = 49316.4 over 633 frames.
1_1_1_0_0_1_0_1 YES YES YES NO NO YES NO YES 
LOG (lattice-best-path[5.5.987~1-eb8d0]:main():lattice-best-path.cc:99) For utterance 1_1_1_0_0_1_1_1, best cost 614.788 + 46688.6 = 47303.4 over 569 frames.
1_1_1_0_0_1_1_1 YES YES YES NO NO YES YES YES 
LOG (lattice-best-path[5.5.987~1-eb8d0]:main():lattice-best-path.cc:99) For utterance 1_1_1_0_1_0_1_0, best cost 524.527 + 47974.5 = 48499 over 605 frames.
1_1_1_0_1_0_1_0 YES YES YES NO YES NO YES NO NO 
LOG (lattice-best-path[5.5.987~1-eb8d0]:main():lattice-best-path.cc:99) For utterance 1_1_1_0_1_0_1_1, best cost 488.809 + 48274.3 = 48763.1 over 620 frames.
1_1_1_0_1_0_1_1 YES YES YES NO YES NO YES YES 
LOG (lattice-best-path[5.5.987~1-eb8d0]:main():lattice-best-path.cc:99) For utterance 1_1_1_1_0_0_1_0, best cost 572.471 + 52065 = 52637.5 over 670 frames.
1_1_1_1_0_0_1_0 YES YES YES YES NO NO YES NO 
LOG (lattice-best-path[5.5.987~1-eb8d0]:main():lattice-best-path.cc:99) For utterance 1_1_1_1_0_1_0_0, best cost 527.213 + 45017.8 = 45545 over 538 frames.
1_1_1_1_0_1_0_0 YES YES YES YES YES NO YES NO NO 
LOG (lattice-best-path[5.5.987~1-eb8d0]:main():lattice-best-path.cc:99) For utterance 1_1_1_1_1_0_0_0, best cost 494.593 + 51238.1 = 51732.7 over 612 frames.
1_1_1_1_1_0_0_0 NO YES YES YES YES YES NO NO NO 
LOG (lattice-best-path[5.5.987~1-eb8d0]:main():lattice-best-path.cc:99) For utterance 1_1_1_1_1_1_0_0, best cost 545.745 + 52105.4 = 52651.2 over 656 frames.
1_1_1_1_1_1_0_0 YES YES YES YES YES YES NO NO 
LOG (lattice-best-path[5.5.987~1-eb8d0]:main():lattice-best-path.cc:99) For utterance 1_1_1_1_1_1_1_1, best cost 649.291 + 48676.4 = 49325.7 over 644 frames.
1_1_1_1_1_1_1_1 YES YES YES YES YES YES YES YES 
LOG (lattice-best-path[5.5.987~1-eb8d0]:main():lattice-best-path.cc:124) Overall cost per frame is 80.4654 = 0.853352 [graph] + 79.612 [acoustic] over 17651 frames.
LOG (lattice-best-path[5.5.987~1-eb8d0]:main():lattice-best-path.cc:128) Done 29 lattices, failed for 0
# Accounting: time=0 threads=1
# Ended (code 0) at Wed Oct 27 13:36:42 +03 2021, elapsed time 0 seconds
