# lattice-best-path --lm-scale=9 --word-symbol-table=exp/mono/graph/words.txt "ark:gunzip -c exp/mono/decode/lat.*.gz|" ark,t:exp/mono/decode/scoring/9.tra 
# Started at Wed Oct 27 13:36:42 +03 2021
#
lattice-best-path --lm-scale=9 --word-symbol-table=exp/mono/graph/words.txt 'ark:gunzip -c exp/mono/decode/lat.*.gz|' ark,t:exp/mono/decode/scoring/9.tra 
LOG (lattice-best-path[5.5.987~1-eb8d0]:main():lattice-best-path.cc:99) For utterance 1_0_0_0_0_0_0_0, best cost 416.742 + 51296.3 = 51713 over 668 frames.
1_0_0_0_0_0_0_0 YES NO NO NO NO NO NO NO 
LOG (lattice-best-path[5.5.987~1-eb8d0]:main():lattice-best-path.cc:99) For utterance 1_0_0_0_0_0_0_1, best cost 415.401 + 52881.1 = 53296.6 over 672 frames.
1_0_0_0_0_0_0_1 YES NO NO NO NO NO NO YES 
LOG (lattice-best-path[5.5.987~1-eb8d0]:main():lattice-best-path.cc:99) For utterance 1_0_0_0_0_0_1_1, best cost 384.217 + 48216.2 = 48600.4 over 625 frames.
1_0_0_0_0_0_1_1 YES NO NO NO NO NO YES YES 
LOG (lattice-best-path[5.5.987~1-eb8d0]:main():lattice-best-path.cc:99) For utterance 1_0_0_0_1_0_0_1, best cost 361.497 + 48192.9 = 48554.4 over 621 frames.
1_0_0_0_1_0_0_1 YES NO NO NO YES NO NO YES 
LOG (lattice-best-path[5.5.987~1-eb8d0]:main():lattice-best-path.cc:99) For utterance 1_0_0_1_0_1_1_1, best cost 441.126 + 53333.5 = 53774.6 over 613 frames.
1_0_0_1_0_1_1_1 NO YES NO YES NO YES NO YES YES YES 
LOG (lattice-best-path[5.5.987~1-eb8d0]:main():lattice-best-path.cc:99) For utterance 1_0_1_0_1_0_0_1, best cost 357.285 + 39759.1 = 40116.4 over 492 frames.
1_0_1_0_1_0_0_1 YES NO YES NO YES NO NO YES 
LOG (lattice-best-path[5.5.987~1-eb8d0]:main():lattice-best-path.cc:99) For utterance 1_0_1_1_0_1_1_1, best cost 351.389 + 46445.2 = 46796.6 over 594 frames.
1_0_1_1_0_1_1_1 YES NO YES YES NO YES YES YES 
LOG (lattice-best-path[5.5.987~1-eb8d0]:main():lattice-best-path.cc:99) For utterance 1_0_1_1_1_0_1_0, best cost 393.349 + 47349.4 = 47742.8 over 596 frames.
1_0_1_1_1_0_1_0 YES NO YES YES YES NO YES NO 
LOG (lattice-best-path[5.5.987~1-eb8d0]:main():lattice-best-path.cc:99) For utterance 1_0_1_1_1_1_0_1, best cost 354.809 + 49924.8 = 50279.6 over 640 frames.
1_0_1_1_1_1_0_1 YES NO YES YES YES YES NO YES 
LOG (lattice-best-path[5.5.987~1-eb8d0]:main():lattice-best-path.cc:99) For utterance 1_1_0_0_0_0_0_1, best cost 401.432 + 50472.2 = 50873.7 over 606 frames.
1_1_0_0_0_0_0_1 YES YES NO NO NO NO NO YES 
LOG (lattice-best-path[5.5.987~1-eb8d0]:main():lattice-best-path.cc:99) For utterance 1_1_0_0_0_1_1_1, best cost 372.515 + 48251.7 = 48624.3 over 616 frames.
1_1_0_0_0_1_1_1 YES YES NO NO NO YES YES YES 
LOG (lattice-best-path[5.5.987~1-eb8d0]:main():lattice-best-path.cc:99) For utterance 1_1_0_0_1_0_1_0, best cost 341.805 + 49149 = 49490.8 over 570 frames.
1_1_0_0_1_0_1_0 NO YES YES NO NO YES NO YES NO 
LOG (lattice-best-path[5.5.987~1-eb8d0]:main():lattice-best-path.cc:99) For utterance 1_1_0_0_1_0_1_1, best cost 386.624 + 47296.2 = 47682.9 over 612 frames.
1_1_0_0_1_0_1_1 YES YES NO NO YES NO YES YES 
LOG (lattice-best-path[5.5.987~1-eb8d0]:main():lattice-best-path.cc:99) For utterance 1_1_0_0_1_1_1_0, best cost 400.812 + 48344.4 = 48745.2 over 616 frames.
1_1_0_0_1_1_1_0 YES YES NO NO YES YES YES NO 
LOG (lattice-best-path[5.5.987~1-eb8d0]:main():lattice-best-path.cc:99) For utterance 1_1_0_1_0_1_0_0, best cost 379.488 + 42577.3 = 42956.8 over 546 frames.
1_1_0_1_0_1_0_0 YES YES NO YES NO YES NO NO 
LOG (lattice-best-path[5.5.987~1-eb8d0]:main():lattice-best-path.cc:99) For utterance 1_1_0_1_0_1_1_0, best cost 382.149 + 46214.9 = 46597.1 over 599 frames.
1_1_0_1_0_1_1_0 YES YES NO YES NO YES YES NO 
LOG (lattice-best-path[5.5.987~1-eb8d0]:main():lattice-best-path.cc:99) For utterance 1_1_0_1_1_0_0_1, best cost 363.697 + 51008.8 = 51372.5 over 612 frames.
1_1_0_1_1_0_0_1 YES YES NO YES YES NO NO YES 
LOG (lattice-best-path[5.5.987~1-eb8d0]:main():lattice-best-path.cc:99) For utterance 1_1_0_1_1_0_1_1, best cost 369.134 + 45751.9 = 46121 over 585 frames.
1_1_0_1_1_0_1_1 YES YES NO YES YES NO YES YES 
LOG (lattice-best-path[5.5.987~1-eb8d0]:main():lattice-best-path.cc:99) For utterance 1_1_0_1_1_1_1_0, best cost 365.525 + 51208.2 = 51573.8 over 619 frames.
1_1_0_1_1_1_1_0 NO YES YES NO YES YES YES YES NO 
LOG (lattice-best-path[5.5.987~1-eb8d0]:main():lattice-best-path.cc:99) For utterance 1_1_1_0_0_0_0_1, best cost 358.558 + 46716.7 = 47075.2 over 602 frames.
1_1_1_0_0_0_0_1 YES YES YES NO NO NO NO YES 
LOG (lattice-best-path[5.5.987~1-eb8d0]:main():lattice-best-path.cc:99) For utterance 1_1_1_0_0_1_0_1, best cost 386.252 + 48801.4 = 49187.7 over 633 frames.
1_1_1_0_0_1_0_1 YES YES YES NO NO YES NO YES 
LOG (lattice-best-path[5.5.987~1-eb8d0]:main():lattice-best-path.cc:99) For utterance 1_1_1_0_0_1_1_1, best cost 461.091 + 46688.6 = 47149.7 over 569 frames.
1_1_1_0_0_1_1_1 YES YES YES NO NO YES YES YES 
LOG (lattice-best-path[5.5.987~1-eb8d0]:main():lattice-best-path.cc:99) For utterance 1_1_1_0_1_0_1_0, best cost 393.395 + 47974.5 = 48367.9 over 605 frames.
1_1_1_0_1_0_1_0 YES YES YES NO YES NO YES NO NO 
LOG (lattice-best-path[5.5.987~1-eb8d0]:main():lattice-best-path.cc:99) For utterance 1_1_1_0_1_0_1_1, best cost 366.607 + 48274.3 = 48640.9 over 620 frames.
1_1_1_0_1_0_1_1 YES YES YES NO YES NO YES YES 
LOG (lattice-best-path[5.5.987~1-eb8d0]:main():lattice-best-path.cc:99) For utterance 1_1_1_1_0_0_1_0, best cost 429.353 + 52065 = 52494.4 over 670 frames.
1_1_1_1_0_0_1_0 YES YES YES YES NO NO YES NO 
LOG (lattice-best-path[5.5.987~1-eb8d0]:main():lattice-best-path.cc:99) For utterance 1_1_1_1_0_1_0_0, best cost 395.41 + 45017.8 = 45413.2 over 538 frames.
1_1_1_1_0_1_0_0 YES YES YES YES YES NO YES NO NO 
LOG (lattice-best-path[5.5.987~1-eb8d0]:main():lattice-best-path.cc:99) For utterance 1_1_1_1_1_0_0_0, best cost 370.945 + 51238.1 = 51609.1 over 612 frames.
1_1_1_1_1_0_0_0 NO YES YES YES YES YES NO NO NO 
LOG (lattice-best-path[5.5.987~1-eb8d0]:main():lattice-best-path.cc:99) For utterance 1_1_1_1_1_1_0_0, best cost 409.309 + 52105.4 = 52514.7 over 656 frames.
1_1_1_1_1_1_0_0 YES YES YES YES YES YES NO NO 
LOG (lattice-best-path[5.5.987~1-eb8d0]:main():lattice-best-path.cc:99) For utterance 1_1_1_1_1_1_1_1, best cost 486.968 + 48676.4 = 49163.4 over 644 frames.
1_1_1_1_1_1_1_1 YES YES YES YES YES YES YES YES 
LOG (lattice-best-path[5.5.987~1-eb8d0]:main():lattice-best-path.cc:124) Overall cost per frame is 80.252 = 0.640014 [graph] + 79.612 [acoustic] over 17651 frames.
LOG (lattice-best-path[5.5.987~1-eb8d0]:main():lattice-best-path.cc:128) Done 29 lattices, failed for 0
# Accounting: time=0 threads=1
# Ended (code 0) at Wed Oct 27 13:36:42 +03 2021, elapsed time 0 seconds
