# lattice-best-path --lm-scale=17 --word-symbol-table=exp/mono/graph/words.txt "ark:gunzip -c exp/mono/decode/lat.*.gz|" ark,t:exp/mono/decode/scoring/17.tra 
# Started at Wed Oct 27 13:36:43 +03 2021
#
lattice-best-path --lm-scale=17 --word-symbol-table=exp/mono/graph/words.txt 'ark:gunzip -c exp/mono/decode/lat.*.gz|' ark,t:exp/mono/decode/scoring/17.tra 
LOG (lattice-best-path[5.5.987~1-eb8d0]:main():lattice-best-path.cc:99) For utterance 1_0_0_0_0_0_0_0, best cost 787.179 + 51296.3 = 52083.5 over 668 frames.
1_0_0_0_0_0_0_0 YES NO NO NO NO NO NO NO 
LOG (lattice-best-path[5.5.987~1-eb8d0]:main():lattice-best-path.cc:99) For utterance 1_0_0_0_0_0_0_1, best cost 784.647 + 52881.1 = 53665.8 over 672 frames.
1_0_0_0_0_0_0_1 YES NO NO NO NO NO NO YES 
LOG (lattice-best-path[5.5.987~1-eb8d0]:main():lattice-best-path.cc:99) For utterance 1_0_0_0_0_0_1_1, best cost 725.743 + 48216.2 = 48941.9 over 625 frames.
1_0_0_0_0_0_1_1 YES NO NO NO NO NO YES YES 
LOG (lattice-best-path[5.5.987~1-eb8d0]:main():lattice-best-path.cc:99) For utterance 1_0_0_0_1_0_0_1, best cost 682.827 + 48192.9 = 48875.7 over 621 frames.
1_0_0_0_1_0_0_1 YES NO NO NO YES NO NO YES 
LOG (lattice-best-path[5.5.987~1-eb8d0]:main():lattice-best-path.cc:99) For utterance 1_0_0_1_0_1_1_1, best cost 833.238 + 53333.5 = 54166.7 over 613 frames.
1_0_0_1_0_1_1_1 NO YES NO YES NO YES NO YES YES YES 
LOG (lattice-best-path[5.5.987~1-eb8d0]:main():lattice-best-path.cc:99) For utterance 1_0_1_0_1_0_0_1, best cost 674.871 + 39759.1 = 40434 over 492 frames.
1_0_1_0_1_0_0_1 YES NO YES NO YES NO NO YES 
LOG (lattice-best-path[5.5.987~1-eb8d0]:main():lattice-best-path.cc:99) For utterance 1_0_1_1_0_1_1_1, best cost 663.736 + 46445.2 = 47109 over 594 frames.
1_0_1_1_0_1_1_1 YES NO YES YES NO YES YES YES 
LOG (lattice-best-path[5.5.987~1-eb8d0]:main():lattice-best-path.cc:99) For utterance 1_0_1_1_1_0_1_0, best cost 742.992 + 47349.4 = 48092.4 over 596 frames.
1_0_1_1_1_0_1_0 YES NO YES YES YES NO YES NO 
LOG (lattice-best-path[5.5.987~1-eb8d0]:main():lattice-best-path.cc:99) For utterance 1_0_1_1_1_1_0_1, best cost 670.195 + 49924.8 = 50595 over 640 frames.
1_0_1_1_1_1_0_1 YES NO YES YES YES YES NO YES 
LOG (lattice-best-path[5.5.987~1-eb8d0]:main():lattice-best-path.cc:99) For utterance 1_1_0_0_0_0_0_1, best cost 758.26 + 50472.2 = 51230.5 over 606 frames.
1_1_0_0_0_0_0_1 YES YES NO NO NO NO NO YES 
LOG (lattice-best-path[5.5.987~1-eb8d0]:main():lattice-best-path.cc:99) For utterance 1_1_0_0_0_1_1_1, best cost 703.639 + 48251.7 = 48955.4 over 616 frames.
1_1_0_0_0_1_1_1 YES YES NO NO NO YES YES YES 
LOG (lattice-best-path[5.5.987~1-eb8d0]:main():lattice-best-path.cc:99) For utterance 1_1_0_0_1_0_1_0, best cost 645.631 + 49149 = 49794.7 over 570 frames.
1_1_0_0_1_0_1_0 NO YES YES NO NO YES NO YES NO 
LOG (lattice-best-path[5.5.987~1-eb8d0]:main():lattice-best-path.cc:99) For utterance 1_1_0_0_1_0_1_1, best cost 730.29 + 47296.2 = 48026.5 over 612 frames.
1_1_0_0_1_0_1_1 YES YES NO NO YES NO YES YES 
LOG (lattice-best-path[5.5.987~1-eb8d0]:main():lattice-best-path.cc:99) For utterance 1_1_0_0_1_1_1_0, best cost 757.089 + 48344.4 = 49101.5 over 616 frames.
1_1_0_0_1_1_1_0 YES YES NO NO YES YES YES NO 
LOG (lattice-best-path[5.5.987~1-eb8d0]:main():lattice-best-path.cc:99) For utterance 1_1_0_1_0_1_0_0, best cost 716.81 + 42577.3 = 43294.1 over 546 frames.
1_1_0_1_0_1_0_0 YES YES NO YES NO YES NO NO 
LOG (lattice-best-path[5.5.987~1-eb8d0]:main():lattice-best-path.cc:99) For utterance 1_1_0_1_0_1_1_0, best cost 721.837 + 46214.9 = 46936.8 over 599 frames.
1_1_0_1_0_1_1_0 YES YES NO YES NO YES YES NO 
LOG (lattice-best-path[5.5.987~1-eb8d0]:main():lattice-best-path.cc:99) For utterance 1_1_0_1_1_0_0_1, best cost 686.983 + 51008.8 = 51695.7 over 612 frames.
1_1_0_1_1_0_0_1 YES YES NO YES YES NO NO YES 
LOG (lattice-best-path[5.5.987~1-eb8d0]:main():lattice-best-path.cc:99) For utterance 1_1_0_1_1_0_1_1, best cost 697.253 + 45751.9 = 46449.1 over 585 frames.
1_1_0_1_1_0_1_1 YES YES NO YES YES NO YES YES 
LOG (lattice-best-path[5.5.987~1-eb8d0]:main():lattice-best-path.cc:99) For utterance 1_1_0_1_1_1_1_0, best cost 690.436 + 51208.2 = 51898.7 over 619 frames.
1_1_0_1_1_1_1_0 NO YES YES NO YES YES YES YES NO 
LOG (lattice-best-path[5.5.987~1-eb8d0]:main():lattice-best-path.cc:99) For utterance 1_1_1_0_0_0_0_1, best cost 677.277 + 46716.7 = 47394 over 602 frames.
1_1_1_0_0_0_0_1 YES YES YES NO NO NO NO YES 
LOG (lattice-best-path[5.5.987~1-eb8d0]:main():lattice-best-path.cc:99) For utterance 1_1_1_0_0_1_0_1, best cost 729.588 + 48801.4 = 49531 over 633 frames.
1_1_1_0_0_1_0_1 YES YES YES NO NO YES NO YES 
LOG (lattice-best-path[5.5.987~1-eb8d0]:main():lattice-best-path.cc:99) For utterance 1_1_1_0_0_1_1_1, best cost 870.949 + 46688.6 = 47559.6 over 569 frames.
1_1_1_0_0_1_1_1 YES YES YES NO NO YES YES YES 
LOG (lattice-best-path[5.5.987~1-eb8d0]:main():lattice-best-path.cc:99) For utterance 1_1_1_0_1_0_1_0, best cost 743.079 + 47974.5 = 48717.6 over 605 frames.
1_1_1_0_1_0_1_0 YES YES YES NO YES NO YES NO NO 
LOG (lattice-best-path[5.5.987~1-eb8d0]:main():lattice-best-path.cc:99) For utterance 1_1_1_0_1_0_1_1, best cost 692.48 + 48274.3 = 48966.8 over 620 frames.
1_1_1_0_1_0_1_1 YES YES YES NO YES NO YES YES 
LOG (lattice-best-path[5.5.987~1-eb8d0]:main():lattice-best-path.cc:99) For utterance 1_1_1_1_0_0_1_0, best cost 811 + 52065 = 52876 over 670 frames.
1_1_1_1_0_0_1_0 YES YES YES YES NO NO YES NO 
LOG (lattice-best-path[5.5.987~1-eb8d0]:main():lattice-best-path.cc:99) For utterance 1_1_1_1_0_1_0_0, best cost 746.886 + 45017.8 = 45764.7 over 538 frames.
1_1_1_1_0_1_0_0 YES YES YES YES YES NO YES NO NO 
LOG (lattice-best-path[5.5.987~1-eb8d0]:main():lattice-best-path.cc:99) For utterance 1_1_1_1_1_0_0_0, best cost 700.674 + 51238.1 = 51938.8 over 612 frames.
1_1_1_1_1_0_0_0 NO YES YES YES YES YES NO NO NO 
LOG (lattice-best-path[5.5.987~1-eb8d0]:main():lattice-best-path.cc:99) For utterance 1_1_1_1_1_1_0_0, best cost 773.138 + 52105.4 = 52878.6 over 656 frames.
1_1_1_1_1_1_0_0 YES YES YES YES YES YES NO NO 
LOG (lattice-best-path[5.5.987~1-eb8d0]:main():lattice-best-path.cc:99) For utterance 1_1_1_1_1_1_1_1, best cost 919.829 + 48676.4 = 49596.2 over 644 frames.
1_1_1_1_1_1_1_1 YES YES YES YES YES YES YES YES 
LOG (lattice-best-path[5.5.987~1-eb8d0]:main():lattice-best-path.cc:124) Overall cost per frame is 80.8209 = 1.20891 [graph] + 79.612 [acoustic] over 17651 frames.
LOG (lattice-best-path[5.5.987~1-eb8d0]:main():lattice-best-path.cc:128) Done 29 lattices, failed for 0
# Accounting: time=0 threads=1
# Ended (code 0) at Wed Oct 27 13:36:43 +03 2021, elapsed time 0 seconds
