# lattice-best-path --lm-scale=10 --word-symbol-table=exp/mono/graph/words.txt "ark:gunzip -c exp/mono/decode/lat.*.gz|" ark,t:exp/mono/decode/scoring/10.tra 
# Started at Wed Oct 27 13:36:42 +03 2021
#
lattice-best-path --lm-scale=10 --word-symbol-table=exp/mono/graph/words.txt 'ark:gunzip -c exp/mono/decode/lat.*.gz|' ark,t:exp/mono/decode/scoring/10.tra 
LOG (lattice-best-path[5.5.987~1-eb8d0]:main():lattice-best-path.cc:99) For utterance 1_0_0_0_0_0_0_0, best cost 463.047 + 51296.3 = 51759.3 over 668 frames.
1_0_0_0_0_0_0_0 YES NO NO NO NO NO NO NO 
LOG (lattice-best-path[5.5.987~1-eb8d0]:main():lattice-best-path.cc:99) For utterance 1_0_0_0_0_0_0_1, best cost 461.557 + 52881.1 = 53342.7 over 672 frames.
1_0_0_0_0_0_0_1 YES NO NO NO NO NO NO YES 
LOG (lattice-best-path[5.5.987~1-eb8d0]:main():lattice-best-path.cc:99) For utterance 1_0_0_0_0_0_1_1, best cost 426.908 + 48216.2 = 48643.1 over 625 frames.
1_0_0_0_0_0_1_1 YES NO NO NO NO NO YES YES 
LOG (lattice-best-path[5.5.987~1-eb8d0]:main():lattice-best-path.cc:99) For utterance 1_0_0_0_1_0_0_1, best cost 401.663 + 48192.9 = 48594.6 over 621 frames.
1_0_0_0_1_0_0_1 YES NO NO NO YES NO NO YES 
LOG (lattice-best-path[5.5.987~1-eb8d0]:main():lattice-best-path.cc:99) For utterance 1_0_0_1_0_1_1_1, best cost 490.14 + 53333.5 = 53823.6 over 613 frames.
1_0_0_1_0_1_1_1 NO YES NO YES NO YES NO YES YES YES 
LOG (lattice-best-path[5.5.987~1-eb8d0]:main():lattice-best-path.cc:99) For utterance 1_0_1_0_1_0_0_1, best cost 396.983 + 39759.1 = 40156.1 over 492 frames.
1_0_1_0_1_0_0_1 YES NO YES NO YES NO NO YES 
LOG (lattice-best-path[5.5.987~1-eb8d0]:main():lattice-best-path.cc:99) For utterance 1_0_1_1_0_1_1_1, best cost 390.433 + 46445.2 = 46835.7 over 594 frames.
1_0_1_1_0_1_1_1 YES NO YES YES NO YES YES YES 
LOG (lattice-best-path[5.5.987~1-eb8d0]:main():lattice-best-path.cc:99) For utterance 1_0_1_1_1_0_1_0, best cost 437.054 + 47349.4 = 47786.5 over 596 frames.
1_0_1_1_1_0_1_0 YES NO YES YES YES NO YES NO 
LOG (lattice-best-path[5.5.987~1-eb8d0]:main():lattice-best-path.cc:99) For utterance 1_0_1_1_1_1_0_1, best cost 394.233 + 49924.8 = 50319 over 640 frames.
1_0_1_1_1_1_0_1 YES NO YES YES YES YES NO YES 
LOG (lattice-best-path[5.5.987~1-eb8d0]:main():lattice-best-path.cc:99) For utterance 1_1_0_0_0_0_0_1, best cost 446.036 + 50472.2 = 50918.3 over 606 frames.
1_1_0_0_0_0_0_1 YES YES NO NO NO NO NO YES 
LOG (lattice-best-path[5.5.987~1-eb8d0]:main():lattice-best-path.cc:99) For utterance 1_1_0_0_0_1_1_1, best cost 413.905 + 48251.7 = 48665.7 over 616 frames.
1_1_0_0_0_1_1_1 YES YES NO NO NO YES YES YES 
LOG (lattice-best-path[5.5.987~1-eb8d0]:main():lattice-best-path.cc:99) For utterance 1_1_0_0_1_0_1_0, best cost 379.783 + 49149 = 49528.8 over 570 frames.
1_1_0_0_1_0_1_0 NO YES YES NO NO YES NO YES NO 
LOG (lattice-best-path[5.5.987~1-eb8d0]:main():lattice-best-path.cc:99) For utterance 1_1_0_0_1_0_1_1, best cost 429.582 + 47296.2 = 47725.8 over 612 frames.
1_1_0_0_1_0_1_1 YES YES NO NO YES NO YES YES 
LOG (lattice-best-path[5.5.987~1-eb8d0]:main():lattice-best-path.cc:99) For utterance 1_1_0_0_1_1_1_0, best cost 445.346 + 48344.4 = 48789.7 over 616 frames.
1_1_0_0_1_1_1_0 YES YES NO NO YES YES YES NO 
LOG (lattice-best-path[5.5.987~1-eb8d0]:main():lattice-best-path.cc:99) For utterance 1_1_0_1_0_1_0_0, best cost 421.653 + 42577.3 = 42998.9 over 546 frames.
1_1_0_1_0_1_0_0 YES YES NO YES NO YES NO NO 
LOG (lattice-best-path[5.5.987~1-eb8d0]:main():lattice-best-path.cc:99) For utterance 1_1_0_1_0_1_1_0, best cost 424.61 + 46214.9 = 46639.6 over 599 frames.
1_1_0_1_0_1_1_0 YES YES NO YES NO YES YES NO 
LOG (lattice-best-path[5.5.987~1-eb8d0]:main():lattice-best-path.cc:99) For utterance 1_1_0_1_1_0_0_1, best cost 404.108 + 51008.8 = 51412.9 over 612 frames.
1_1_0_1_1_0_0_1 YES YES NO YES YES NO NO YES 
LOG (lattice-best-path[5.5.987~1-eb8d0]:main():lattice-best-path.cc:99) For utterance 1_1_0_1_1_0_1_1, best cost 410.149 + 45751.9 = 46162 over 585 frames.
1_1_0_1_1_0_1_1 YES YES NO YES YES NO YES YES 
LOG (lattice-best-path[5.5.987~1-eb8d0]:main():lattice-best-path.cc:99) For utterance 1_1_0_1_1_1_1_0, best cost 406.139 + 51208.2 = 51614.4 over 619 frames.
1_1_0_1_1_1_1_0 NO YES YES NO YES YES YES YES NO 
LOG (lattice-best-path[5.5.987~1-eb8d0]:main():lattice-best-path.cc:99) For utterance 1_1_1_0_0_0_0_1, best cost 398.398 + 46716.7 = 47115.1 over 602 frames.
1_1_1_0_0_0_0_1 YES YES YES NO NO NO NO YES 
LOG (lattice-best-path[5.5.987~1-eb8d0]:main():lattice-best-path.cc:99) For utterance 1_1_1_0_0_1_0_1, best cost 429.169 + 48801.4 = 49230.6 over 633 frames.
1_1_1_0_0_1_0_1 YES YES YES NO NO YES NO YES 
LOG (lattice-best-path[5.5.987~1-eb8d0]:main():lattice-best-path.cc:99) For utterance 1_1_1_0_0_1_1_1, best cost 512.323 + 46688.6 = 47201 over 569 frames.
1_1_1_0_0_1_1_1 YES YES YES NO NO YES YES YES 
LOG (lattice-best-path[5.5.987~1-eb8d0]:main():lattice-best-path.cc:99) For utterance 1_1_1_0_1_0_1_0, best cost 437.105 + 47974.5 = 48411.6 over 605 frames.
1_1_1_0_1_0_1_0 YES YES YES NO YES NO YES NO NO 
LOG (lattice-best-path[5.5.987~1-eb8d0]:main():lattice-best-path.cc:99) For utterance 1_1_1_0_1_0_1_1, best cost 407.341 + 48274.3 = 48681.6 over 620 frames.
1_1_1_0_1_0_1_1 YES YES YES NO YES NO YES YES 
LOG (lattice-best-path[5.5.987~1-eb8d0]:main():lattice-best-path.cc:99) For utterance 1_1_1_1_0_0_1_0, best cost 477.059 + 52065 = 52542.1 over 670 frames.
1_1_1_1_0_0_1_0 YES YES YES YES NO NO YES NO 
LOG (lattice-best-path[5.5.987~1-eb8d0]:main():lattice-best-path.cc:99) For utterance 1_1_1_1_0_1_0_0, best cost 439.345 + 45017.8 = 45457.2 over 538 frames.
1_1_1_1_0_1_0_0 YES YES YES YES YES NO YES NO NO 
LOG (lattice-best-path[5.5.987~1-eb8d0]:main():lattice-best-path.cc:99) For utterance 1_1_1_1_1_0_0_0, best cost 412.161 + 51238.1 = 51650.3 over 612 frames.
1_1_1_1_1_0_0_0 NO YES YES YES YES YES NO NO NO 
LOG (lattice-best-path[5.5.987~1-eb8d0]:main():lattice-best-path.cc:99) For utterance 1_1_1_1_1_1_0_0, best cost 454.787 + 52105.4 = 52560.2 over 656 frames.
1_1_1_1_1_1_0_0 YES YES YES YES YES YES NO NO 
LOG (lattice-best-path[5.5.987~1-eb8d0]:main():lattice-best-path.cc:99) For utterance 1_1_1_1_1_1_1_1, best cost 541.076 + 48676.4 = 49217.5 over 644 frames.
1_1_1_1_1_1_1_1 YES YES YES YES YES YES YES YES 
LOG (lattice-best-path[5.5.987~1-eb8d0]:main():lattice-best-path.cc:124) Overall cost per frame is 80.3231 = 0.711126 [graph] + 79.612 [acoustic] over 17651 frames.
LOG (lattice-best-path[5.5.987~1-eb8d0]:main():lattice-best-path.cc:128) Done 29 lattices, failed for 0
# Accounting: time=0 threads=1
# Ended (code 0) at Wed Oct 27 13:36:42 +03 2021, elapsed time 0 seconds
