# nnet-latgen-faster-parallel --max-active=500 --min-active=200 --beam=8 --lattice-beam=3 --acoustic-scale=0.1 --allow-partial=true --word-symbol-table=exp/tri1/graph/words.txt experiment/nnet2/nnet2_simple/final.mdl exp/tri1/graph/HCLG.fst "ark,s,cs:copy-feats scp:data/test/split1/1/feats.scp ark:- |" "ark:|gzip -c > experiment/nnet2/nnet2_simple/decode/lat.1.gz" 
# Started at Sun Oct 31 14:52:31 +03 2021
#
nnet-latgen-faster-parallel --max-active=500 --min-active=200 --beam=8 --lattice-beam=3 --acoustic-scale=0.1 --allow-partial=true --word-symbol-table=exp/tri1/graph/words.txt experiment/nnet2/nnet2_simple/final.mdl exp/tri1/graph/HCLG.fst 'ark,s,cs:copy-feats scp:data/test/split1/1/feats.scp ark:- |' 'ark:|gzip -c > experiment/nnet2/nnet2_simple/decode/lat.1.gz' 
copy-feats scp:data/test/split1/1/feats.scp ark:- 
1_0_0_0_0_0_0_0 YES NO NO NO NO NO NO NO 
LOG (nnet-latgen-faster-parallel[5.5.987~1-eb8d0]:~DecodeUtteranceLatticeFasterClass():decoder-wrappers.cc:180) Log-like per frame for utterance 1_0_0_0_0_0_0_0 is 0.12235 over 668 frames.
1_0_0_0_0_0_0_1 YES NO NO NO NO NO NO YES 
LOG (nnet-latgen-faster-parallel[5.5.987~1-eb8d0]:~DecodeUtteranceLatticeFasterClass():decoder-wrappers.cc:180) Log-like per frame for utterance 1_0_0_0_0_0_0_1 is 0.126276 over 672 frames.
1_0_0_0_0_0_1_1 YES NO NO NO NO NO YES YES 
LOG (nnet-latgen-faster-parallel[5.5.987~1-eb8d0]:~DecodeUtteranceLatticeFasterClass():decoder-wrappers.cc:180) Log-like per frame for utterance 1_0_0_0_0_0_1_1 is 0.12529 over 625 frames.
1_0_0_0_1_0_0_1 YES NO NO NO YES NO NO YES 
LOG (nnet-latgen-faster-parallel[5.5.987~1-eb8d0]:~DecodeUtteranceLatticeFasterClass():decoder-wrappers.cc:180) Log-like per frame for utterance 1_0_0_0_1_0_0_1 is 0.134516 over 621 frames.
1_0_0_1_0_1_1_1 NO YES NO NO YES NO YES YES YES 
LOG (nnet-latgen-faster-parallel[5.5.987~1-eb8d0]:~DecodeUtteranceLatticeFasterClass():decoder-wrappers.cc:180) Log-like per frame for utterance 1_0_0_1_0_1_1_1 is 0.121206 over 613 frames.
1_0_1_0_1_0_0_1 YES NO YES NO YES NO NO YES 
LOG (nnet-latgen-faster-parallel[5.5.987~1-eb8d0]:~DecodeUtteranceLatticeFasterClass():decoder-wrappers.cc:180) Log-like per frame for utterance 1_0_1_0_1_0_0_1 is 0.139573 over 492 frames.
1_0_1_1_0_1_1_1 YES NO YES YES NO YES YES YES 
LOG (nnet-latgen-faster-parallel[5.5.987~1-eb8d0]:~DecodeUtteranceLatticeFasterClass():decoder-wrappers.cc:180) Log-like per frame for utterance 1_0_1_1_0_1_1_1 is 0.13563 over 594 frames.
1_0_1_1_1_0_1_0 YES NO YES YES YES NO YES NO 
LOG (nnet-latgen-faster-parallel[5.5.987~1-eb8d0]:~DecodeUtteranceLatticeFasterClass():decoder-wrappers.cc:180) Log-like per frame for utterance 1_0_1_1_1_0_1_0 is 0.124901 over 596 frames.
1_0_1_1_1_1_0_1 YES NO YES YES YES YES NO YES 
LOG (nnet-latgen-faster-parallel[5.5.987~1-eb8d0]:~DecodeUtteranceLatticeFasterClass():decoder-wrappers.cc:180) Log-like per frame for utterance 1_0_1_1_1_1_0_1 is 0.133897 over 640 frames.
1_1_0_0_0_0_0_1 YES YES NO NO NO NO NO YES 
LOG (nnet-latgen-faster-parallel[5.5.987~1-eb8d0]:~DecodeUtteranceLatticeFasterClass():decoder-wrappers.cc:180) Log-like per frame for utterance 1_1_0_0_0_0_0_1 is 0.1289 over 606 frames.
1_1_0_0_0_1_1_1 YES YES NO NO NO YES YES YES 
LOG (nnet-latgen-faster-parallel[5.5.987~1-eb8d0]:~DecodeUtteranceLatticeFasterClass():decoder-wrappers.cc:180) Log-like per frame for utterance 1_1_0_0_0_1_1_1 is 0.126183 over 616 frames.
1_1_0_0_1_0_1_0 NO YES NO YES NO NO YES NO YES NO 
LOG (nnet-latgen-faster-parallel[5.5.987~1-eb8d0]:~DecodeUtteranceLatticeFasterClass():decoder-wrappers.cc:180) Log-like per frame for utterance 1_1_0_0_1_0_1_0 is 0.185512 over 570 frames.
1_1_0_0_1_0_1_1 YES YES NO NO YES NO YES YES 
LOG (nnet-latgen-faster-parallel[5.5.987~1-eb8d0]:~DecodeUtteranceLatticeFasterClass():decoder-wrappers.cc:180) Log-like per frame for utterance 1_1_0_0_1_0_1_1 is 0.129448 over 612 frames.
1_1_0_0_1_1_1_0 YES YES NO NO YES YES YES NO 
LOG (nnet-latgen-faster-parallel[5.5.987~1-eb8d0]:~DecodeUtteranceLatticeFasterClass():decoder-wrappers.cc:180) Log-like per frame for utterance 1_1_0_0_1_1_1_0 is 0.12898 over 616 frames.
1_1_0_1_0_1_0_0 YES YES NO YES NO YES NO NO 
LOG (nnet-latgen-faster-parallel[5.5.987~1-eb8d0]:~DecodeUtteranceLatticeFasterClass():decoder-wrappers.cc:180) Log-like per frame for utterance 1_1_0_1_0_1_0_0 is 0.127356 over 546 frames.
1_1_0_1_0_1_1_0 YES YES NO YES NO YES YES NO 
LOG (nnet-latgen-faster-parallel[5.5.987~1-eb8d0]:~DecodeUtteranceLatticeFasterClass():decoder-wrappers.cc:180) Log-like per frame for utterance 1_1_0_1_0_1_1_0 is 0.130941 over 599 frames.
1_1_0_1_1_0_0_1 YES YES NO YES YES NO NO YES 
LOG (nnet-latgen-faster-parallel[5.5.987~1-eb8d0]:~DecodeUtteranceLatticeFasterClass():decoder-wrappers.cc:180) Log-like per frame for utterance 1_1_0_1_1_0_0_1 is 0.128668 over 612 frames.
1_1_0_1_1_0_1_1 YES YES NO YES YES NO YES YES 
LOG (nnet-latgen-faster-parallel[5.5.987~1-eb8d0]:~DecodeUtteranceLatticeFasterClass():decoder-wrappers.cc:180) Log-like per frame for utterance 1_1_0_1_1_0_1_1 is 0.133342 over 585 frames.
1_1_0_1_1_1_1_0 NO YES NO YES NO NO YES NO YES YES YES NO 
LOG (nnet-latgen-faster-parallel[5.5.987~1-eb8d0]:~DecodeUtteranceLatticeFasterClass():decoder-wrappers.cc:180) Log-like per frame for utterance 1_1_0_1_1_1_1_0 is 0.194628 over 619 frames.
1_1_1_0_0_0_0_1 YES YES YES NO NO NO NO YES 
LOG (nnet-latgen-faster-parallel[5.5.987~1-eb8d0]:~DecodeUtteranceLatticeFasterClass():decoder-wrappers.cc:180) Log-like per frame for utterance 1_1_1_0_0_0_0_1 is 0.131021 over 602 frames.
1_1_1_0_0_1_0_1 YES YES YES NO NO YES NO YES 
LOG (nnet-latgen-faster-parallel[5.5.987~1-eb8d0]:~DecodeUtteranceLatticeFasterClass():decoder-wrappers.cc:180) Log-like per frame for utterance 1_1_1_0_0_1_0_1 is 0.13314 over 633 frames.
1_1_1_0_0_1_1_1 YES YES YES NO NO YES YES YES 
LOG (nnet-latgen-faster-parallel[5.5.987~1-eb8d0]:~DecodeUtteranceLatticeFasterClass():decoder-wrappers.cc:180) Log-like per frame for utterance 1_1_1_0_0_1_1_1 is 0.114593 over 569 frames.
1_1_1_0_1_0_1_0 YES YES YES NO YES NO YES NO 
LOG (nnet-latgen-faster-parallel[5.5.987~1-eb8d0]:~DecodeUtteranceLatticeFasterClass():decoder-wrappers.cc:180) Log-like per frame for utterance 1_1_1_0_1_0_1_0 is 0.135812 over 605 frames.
1_1_1_0_1_0_1_1 YES YES YES NO YES NO YES YES 
LOG (nnet-latgen-faster-parallel[5.5.987~1-eb8d0]:~DecodeUtteranceLatticeFasterClass():decoder-wrappers.cc:180) Log-like per frame for utterance 1_1_1_0_1_0_1_1 is 0.136033 over 620 frames.
1_1_1_1_0_0_1_0 YES YES YES YES NO NO YES NO 
LOG (nnet-latgen-faster-parallel[5.5.987~1-eb8d0]:~DecodeUtteranceLatticeFasterClass():decoder-wrappers.cc:180) Log-like per frame for utterance 1_1_1_1_0_0_1_0 is 0.129997 over 670 frames.
LOG (copy-feats[5.5.987~1-eb8d0]:main():copy-feats.cc:143) Copied 29 feature matrices.
1_1_1_1_0_1_0_0 YES YES YES YES YES NO YES NO NO 
LOG (nnet-latgen-faster-parallel[5.5.987~1-eb8d0]:~DecodeUtteranceLatticeFasterClass():decoder-wrappers.cc:180) Log-like per frame for utterance 1_1_1_1_0_1_0_0 is 0.131706 over 538 frames.
1_1_1_1_1_0_0_0 NO YES NO YES NO YES YES YES NO NO NO 
LOG (nnet-latgen-faster-parallel[5.5.987~1-eb8d0]:~DecodeUtteranceLatticeFasterClass():decoder-wrappers.cc:180) Log-like per frame for utterance 1_1_1_1_1_0_0_0 is 0.184308 over 612 frames.
1_1_1_1_1_1_0_0 YES YES YES YES YES YES NO NO 
LOG (nnet-latgen-faster-parallel[5.5.987~1-eb8d0]:~DecodeUtteranceLatticeFasterClass():decoder-wrappers.cc:180) Log-like per frame for utterance 1_1_1_1_1_1_0_0 is 0.122135 over 656 frames.
1_1_1_1_1_1_1_1 YES YES YES YES YES YES YES YES 
LOG (nnet-latgen-faster-parallel[5.5.987~1-eb8d0]:~DecodeUtteranceLatticeFasterClass():decoder-wrappers.cc:180) Log-like per frame for utterance 1_1_1_1_1_1_1_1 is 0.118985 over 644 frames.
LOG (nnet-latgen-faster-parallel[5.5.987~1-eb8d0]:main():nnet-latgen-faster-parallel.cc:191) Time taken 1.30677s: real-time factor per thread assuming 100 frames/sec is 0.00740336
LOG (nnet-latgen-faster-parallel[5.5.987~1-eb8d0]:main():nnet-latgen-faster-parallel.cc:194) Done 29 utterances, failed for 0
LOG (nnet-latgen-faster-parallel[5.5.987~1-eb8d0]:main():nnet-latgen-faster-parallel.cc:196) Overall log-likelihood per frame is 0.134831 over 17651 frames.
# Accounting: time=1 threads=1
# Ended (code 0) at Sun Oct 31 14:52:32 +03 2021, elapsed time 1 seconds
