# gmm-latgen-faster --max-active=7000 --beam=13.0 --lattice-beam=6.0 --acoustic-scale=0.083333 --allow-partial=true --word-symbol-table=exp/tri1/graph/words.txt exp/tri1/final.mdl exp/tri1/graph/HCLG.fst "ark,s,cs:apply-cmvn  --utt2spk=ark:data/test/split1/1/utt2spk scp:data/test/split1/1/cmvn.scp scp:data/test/split1/1/feats.scp ark:- | add-deltas  ark:- ark:- |" "ark:|gzip -c > exp/tri1/decode/lat.1.gz" 
# Started at Wed Oct 27 13:37:15 +03 2021
#
gmm-latgen-faster --max-active=7000 --beam=13.0 --lattice-beam=6.0 --acoustic-scale=0.083333 --allow-partial=true --word-symbol-table=exp/tri1/graph/words.txt exp/tri1/final.mdl exp/tri1/graph/HCLG.fst 'ark,s,cs:apply-cmvn  --utt2spk=ark:data/test/split1/1/utt2spk scp:data/test/split1/1/cmvn.scp scp:data/test/split1/1/feats.scp ark:- | add-deltas  ark:- ark:- |' 'ark:|gzip -c > exp/tri1/decode/lat.1.gz' 
apply-cmvn --utt2spk=ark:data/test/split1/1/utt2spk scp:data/test/split1/1/cmvn.scp scp:data/test/split1/1/feats.scp ark:- 
add-deltas ark:- ark:- 
1_0_0_0_0_0_0_0 YES NO NO NO NO NO NO NO 
LOG (gmm-latgen-faster[5.5.987~1-eb8d0]:DecodeUtteranceLatticeFaster():decoder-wrappers.cc:375) Log-like per frame for utterance 1_0_0_0_0_0_0_0 is -6.4548 over 668 frames.
1_0_0_0_0_0_0_1 YES NO NO NO NO NO NO YES 
LOG (gmm-latgen-faster[5.5.987~1-eb8d0]:DecodeUtteranceLatticeFaster():decoder-wrappers.cc:375) Log-like per frame for utterance 1_0_0_0_0_0_0_1 is -6.6274 over 672 frames.
1_0_0_0_0_0_1_1 YES NO NO NO NO NO YES YES 
LOG (gmm-latgen-faster[5.5.987~1-eb8d0]:DecodeUtteranceLatticeFaster():decoder-wrappers.cc:375) Log-like per frame for utterance 1_0_0_0_0_0_1_1 is -6.4875 over 625 frames.
1_0_0_0_1_0_0_1 YES NO NO NO YES NO NO YES 
LOG (gmm-latgen-faster[5.5.987~1-eb8d0]:DecodeUtteranceLatticeFaster():decoder-wrappers.cc:375) Log-like per frame for utterance 1_0_0_0_1_0_0_1 is -6.52988 over 621 frames.
1_0_0_1_0_1_1_1 YES NO NO YES YES YES NO YES YES YES 
LOG (gmm-latgen-faster[5.5.987~1-eb8d0]:DecodeUtteranceLatticeFaster():decoder-wrappers.cc:375) Log-like per frame for utterance 1_0_0_1_0_1_1_1 is -7.33314 over 613 frames.
1_0_1_0_1_0_0_1 YES NO YES NO YES NO NO YES 
LOG (gmm-latgen-faster[5.5.987~1-eb8d0]:DecodeUtteranceLatticeFaster():decoder-wrappers.cc:375) Log-like per frame for utterance 1_0_1_0_1_0_0_1 is -6.77199 over 492 frames.
1_0_1_1_0_1_1_1 YES NO YES YES NO YES YES YES 
LOG (gmm-latgen-faster[5.5.987~1-eb8d0]:DecodeUtteranceLatticeFaster():decoder-wrappers.cc:375) Log-like per frame for utterance 1_0_1_1_0_1_1_1 is -6.59278 over 594 frames.
1_0_1_1_1_0_1_0 YES NO YES YES YES NO YES NO 
LOG (gmm-latgen-faster[5.5.987~1-eb8d0]:DecodeUtteranceLatticeFaster():decoder-wrappers.cc:375) Log-like per frame for utterance 1_0_1_1_1_0_1_0 is -6.72399 over 596 frames.
1_0_1_1_1_1_0_1 YES NO YES YES YES YES NO YES 
LOG (gmm-latgen-faster[5.5.987~1-eb8d0]:DecodeUtteranceLatticeFaster():decoder-wrappers.cc:375) Log-like per frame for utterance 1_0_1_1_1_1_0_1 is -6.54386 over 640 frames.
1_1_0_0_0_0_0_1 YES YES NO NO NO NO NO YES 
LOG (gmm-latgen-faster[5.5.987~1-eb8d0]:DecodeUtteranceLatticeFaster():decoder-wrappers.cc:375) Log-like per frame for utterance 1_1_0_0_0_0_0_1 is -6.98751 over 606 frames.
1_1_0_0_0_1_1_1 YES YES NO NO NO YES YES YES 
LOG (gmm-latgen-faster[5.5.987~1-eb8d0]:DecodeUtteranceLatticeFaster():decoder-wrappers.cc:375) Log-like per frame for utterance 1_1_0_0_0_1_1_1 is -6.62772 over 616 frames.
1_1_0_0_1_0_1_0 NO YES NO YES NO NO YES NO YES NO 
LOG (gmm-latgen-faster[5.5.987~1-eb8d0]:DecodeUtteranceLatticeFaster():decoder-wrappers.cc:375) Log-like per frame for utterance 1_1_0_0_1_0_1_0 is -7.25991 over 570 frames.
1_1_0_0_1_0_1_1 YES YES NO NO YES NO YES YES 
LOG (gmm-latgen-faster[5.5.987~1-eb8d0]:DecodeUtteranceLatticeFaster():decoder-wrappers.cc:375) Log-like per frame for utterance 1_1_0_0_1_0_1_1 is -6.47733 over 612 frames.
1_1_0_0_1_1_1_0 YES YES NO NO YES YES YES NO 
LOG (gmm-latgen-faster[5.5.987~1-eb8d0]:DecodeUtteranceLatticeFaster():decoder-wrappers.cc:375) Log-like per frame for utterance 1_1_0_0_1_1_1_0 is -6.60353 over 616 frames.
1_1_0_1_0_1_0_0 YES YES NO YES NO YES NO NO 
LOG (gmm-latgen-faster[5.5.987~1-eb8d0]:DecodeUtteranceLatticeFaster():decoder-wrappers.cc:375) Log-like per frame for utterance 1_1_0_1_0_1_0_0 is -6.56361 over 546 frames.
1_1_0_1_0_1_1_0 YES YES NO YES NO YES YES NO 
LOG (gmm-latgen-faster[5.5.987~1-eb8d0]:DecodeUtteranceLatticeFaster():decoder-wrappers.cc:375) Log-like per frame for utterance 1_1_0_1_0_1_1_0 is -6.51312 over 599 frames.
1_1_0_1_1_0_0_1 YES YES NO YES YES NO NO YES 
LOG (gmm-latgen-faster[5.5.987~1-eb8d0]:DecodeUtteranceLatticeFaster():decoder-wrappers.cc:375) Log-like per frame for utterance 1_1_0_1_1_0_0_1 is -7.03812 over 612 frames.
1_1_0_1_1_0_1_1 YES YES NO YES YES NO YES YES 
LOG (gmm-latgen-faster[5.5.987~1-eb8d0]:DecodeUtteranceLatticeFaster():decoder-wrappers.cc:375) Log-like per frame for utterance 1_1_0_1_1_0_1_1 is -6.57233 over 585 frames.
1_1_0_1_1_1_1_0 NO NO YES YES NO YES YES YES YES NO 
LOG (gmm-latgen-faster[5.5.987~1-eb8d0]:DecodeUtteranceLatticeFaster():decoder-wrappers.cc:375) Log-like per frame for utterance 1_1_0_1_1_1_1_0 is -6.95261 over 619 frames.
1_1_1_0_0_0_0_1 YES YES YES NO NO NO NO YES 
LOG (gmm-latgen-faster[5.5.987~1-eb8d0]:DecodeUtteranceLatticeFaster():decoder-wrappers.cc:375) Log-like per frame for utterance 1_1_1_0_0_0_0_1 is -6.5169 over 602 frames.
1_1_1_0_0_1_0_1 YES YES YES NO NO YES NO YES 
LOG (gmm-latgen-faster[5.5.987~1-eb8d0]:DecodeUtteranceLatticeFaster():decoder-wrappers.cc:375) Log-like per frame for utterance 1_1_1_0_0_1_0_1 is -6.48314 over 633 frames.
1_1_1_0_0_1_1_1 YES YES YES NO NO YES YES YES 
LOG (gmm-latgen-faster[5.5.987~1-eb8d0]:DecodeUtteranceLatticeFaster():decoder-wrappers.cc:375) Log-like per frame for utterance 1_1_1_0_0_1_1_1 is -6.9118 over 569 frames.
1_1_1_0_1_0_1_0 YES YES YES NO YES NO YES NO NO 
LOG (gmm-latgen-faster[5.5.987~1-eb8d0]:DecodeUtteranceLatticeFaster():decoder-wrappers.cc:375) Log-like per frame for utterance 1_1_1_0_1_0_1_0 is -6.69577 over 605 frames.
1_1_1_0_1_0_1_1 YES YES YES NO YES NO YES YES 
LOG (gmm-latgen-faster[5.5.987~1-eb8d0]:DecodeUtteranceLatticeFaster():decoder-wrappers.cc:375) Log-like per frame for utterance 1_1_1_0_1_0_1_1 is -6.53179 over 620 frames.
1_1_1_1_0_0_1_0 YES YES YES YES NO NO YES NO 
LOG (gmm-latgen-faster[5.5.987~1-eb8d0]:DecodeUtteranceLatticeFaster():decoder-wrappers.cc:375) Log-like per frame for utterance 1_1_1_1_0_0_1_0 is -6.52483 over 670 frames.
1_1_1_1_0_1_0_0 YES YES YES YES YES NO YES NO NO 
LOG (gmm-latgen-faster[5.5.987~1-eb8d0]:DecodeUtteranceLatticeFaster():decoder-wrappers.cc:375) Log-like per frame for utterance 1_1_1_1_0_1_0_0 is -7.05806 over 538 frames.
LOG (apply-cmvn[5.5.987~1-eb8d0]:main():apply-cmvn.cc:162) Applied cepstral mean normalization to 29 utterances, errors on 0
1_1_1_1_1_0_0_0 NO NO YES YES YES YES YES NO NO NO 
LOG (gmm-latgen-faster[5.5.987~1-eb8d0]:DecodeUtteranceLatticeFaster():decoder-wrappers.cc:375) Log-like per frame for utterance 1_1_1_1_1_0_0_0 is -7.0371 over 612 frames.
1_1_1_1_1_1_0_0 YES YES YES YES YES YES NO NO 
LOG (gmm-latgen-faster[5.5.987~1-eb8d0]:DecodeUtteranceLatticeFaster():decoder-wrappers.cc:375) Log-like per frame for utterance 1_1_1_1_1_1_0_0 is -6.67915 over 656 frames.
1_1_1_1_1_1_1_1 YES YES YES YES YES YES YES YES 
LOG (gmm-latgen-faster[5.5.987~1-eb8d0]:DecodeUtteranceLatticeFaster():decoder-wrappers.cc:375) Log-like per frame for utterance 1_1_1_1_1_1_1_1 is -6.38508 over 644 frames.
LOG (gmm-latgen-faster[5.5.987~1-eb8d0]:main():gmm-latgen-faster.cc:176) Time taken 2.15343s: real-time factor assuming 100 frames/sec is 0.0122
LOG (gmm-latgen-faster[5.5.987~1-eb8d0]:main():gmm-latgen-faster.cc:179) Done 29 utterances, failed for 0
LOG (gmm-latgen-faster[5.5.987~1-eb8d0]:main():gmm-latgen-faster.cc:181) Overall log-likelihood per frame is -6.70055 over 17651 frames.
# Accounting: time=2 threads=1
# Ended (code 0) at Wed Oct 27 13:37:17 +03 2021, elapsed time 2 seconds
