# gmm-latgen-faster --max-active=7000 --beam=13.0 --lattice-beam=6.0 --acoustic-scale=0.083333 --allow-partial=true --word-symbol-table=exp/mono/graph/words.txt exp/mono/final.mdl exp/mono/graph/HCLG.fst "ark,s,cs:apply-cmvn  --utt2spk=ark:data/test/split1/1/utt2spk scp:data/test/split1/1/cmvn.scp scp:data/test/split1/1/feats.scp ark:- | add-deltas  ark:- ark:- |" "ark:|gzip -c > exp/mono/decode/lat.1.gz" 
# Started at Wed Oct 27 13:36:38 +03 2021
#
gmm-latgen-faster --max-active=7000 --beam=13.0 --lattice-beam=6.0 --acoustic-scale=0.083333 --allow-partial=true --word-symbol-table=exp/mono/graph/words.txt exp/mono/final.mdl exp/mono/graph/HCLG.fst 'ark,s,cs:apply-cmvn  --utt2spk=ark:data/test/split1/1/utt2spk scp:data/test/split1/1/cmvn.scp scp:data/test/split1/1/feats.scp ark:- | add-deltas  ark:- ark:- |' 'ark:|gzip -c > exp/mono/decode/lat.1.gz' 
apply-cmvn --utt2spk=ark:data/test/split1/1/utt2spk scp:data/test/split1/1/cmvn.scp scp:data/test/split1/1/feats.scp ark:- 
add-deltas ark:- ark:- 
1_0_0_0_0_0_0_0 YES NO NO NO NO NO NO NO 
LOG (gmm-latgen-faster[5.5.987~1-eb8d0]:DecodeUtteranceLatticeFaster():decoder-wrappers.cc:375) Log-like per frame for utterance 1_0_0_0_0_0_0_0 is -6.46853 over 668 frames.
1_0_0_0_0_0_0_1 YES NO NO NO NO NO NO YES 
LOG (gmm-latgen-faster[5.5.987~1-eb8d0]:DecodeUtteranceLatticeFaster():decoder-wrappers.cc:375) Log-like per frame for utterance 1_0_0_0_0_0_0_1 is -6.62635 over 672 frames.
1_0_0_0_0_0_1_1 YES NO NO NO NO NO YES YES 
LOG (gmm-latgen-faster[5.5.987~1-eb8d0]:DecodeUtteranceLatticeFaster():decoder-wrappers.cc:375) Log-like per frame for utterance 1_0_0_0_0_0_1_1 is -6.49711 over 625 frames.
1_0_0_0_1_0_0_1 YES NO NO NO YES NO NO YES 
LOG (gmm-latgen-faster[5.5.987~1-eb8d0]:DecodeUtteranceLatticeFaster():decoder-wrappers.cc:375) Log-like per frame for utterance 1_0_0_0_1_0_0_1 is -6.53176 over 621 frames.
1_0_0_1_0_1_1_1 NO YES NO YES NO YES NO YES YES YES 
LOG (gmm-latgen-faster[5.5.987~1-eb8d0]:DecodeUtteranceLatticeFaster():decoder-wrappers.cc:375) Log-like per frame for utterance 1_0_0_1_0_1_1_1 is -7.33026 over 613 frames.
1_0_1_0_1_0_0_1 YES NO YES NO YES NO NO YES 
LOG (gmm-latgen-faster[5.5.987~1-eb8d0]:DecodeUtteranceLatticeFaster():decoder-wrappers.cc:375) Log-like per frame for utterance 1_0_1_0_1_0_0_1 is -6.81494 over 492 frames.
1_0_1_1_0_1_1_1 YES NO YES YES NO YES YES YES 
LOG (gmm-latgen-faster[5.5.987~1-eb8d0]:DecodeUtteranceLatticeFaster():decoder-wrappers.cc:375) Log-like per frame for utterance 1_0_1_1_0_1_1_1 is -6.58159 over 594 frames.
1_0_1_1_1_0_1_0 YES NO YES YES YES NO YES NO 
LOG (gmm-latgen-faster[5.5.987~1-eb8d0]:DecodeUtteranceLatticeFaster():decoder-wrappers.cc:375) Log-like per frame for utterance 1_0_1_1_1_0_1_0 is -6.69375 over 596 frames.
1_0_1_1_1_1_0_1 YES NO YES YES YES YES NO YES 
LOG (gmm-latgen-faster[5.5.987~1-eb8d0]:DecodeUtteranceLatticeFaster():decoder-wrappers.cc:375) Log-like per frame for utterance 1_0_1_1_1_1_0_1 is -6.56219 over 640 frames.
1_1_0_0_0_0_0_1 YES YES NO NO NO NO NO YES 
LOG (gmm-latgen-faster[5.5.987~1-eb8d0]:DecodeUtteranceLatticeFaster():decoder-wrappers.cc:375) Log-like per frame for utterance 1_1_0_0_0_0_0_1 is -7.0142 over 606 frames.
1_1_0_0_0_1_1_1 YES YES NO NO NO YES YES YES 
LOG (gmm-latgen-faster[5.5.987~1-eb8d0]:DecodeUtteranceLatticeFaster():decoder-wrappers.cc:375) Log-like per frame for utterance 1_1_0_0_0_1_1_1 is -6.59473 over 616 frames.
1_1_0_0_1_0_1_0 NO YES YES NO NO YES NO YES NO 
LOG (gmm-latgen-faster[5.5.987~1-eb8d0]:DecodeUtteranceLatticeFaster():decoder-wrappers.cc:375) Log-like per frame for utterance 1_1_0_0_1_0_1_0 is -7.25213 over 570 frames.
1_1_0_0_1_0_1_1 YES YES NO NO YES NO YES YES 
LOG (gmm-latgen-faster[5.5.987~1-eb8d0]:DecodeUtteranceLatticeFaster():decoder-wrappers.cc:375) Log-like per frame for utterance 1_1_0_0_1_0_1_1 is -6.51029 over 612 frames.
1_1_0_0_1_1_1_0 YES YES NO NO YES YES YES NO 
LOG (gmm-latgen-faster[5.5.987~1-eb8d0]:DecodeUtteranceLatticeFaster():decoder-wrappers.cc:375) Log-like per frame for utterance 1_1_0_0_1_1_1_0 is -6.61236 over 616 frames.
1_1_0_1_0_1_0_0 YES YES NO YES NO YES NO NO 
LOG (gmm-latgen-faster[5.5.987~1-eb8d0]:DecodeUtteranceLatticeFaster():decoder-wrappers.cc:375) Log-like per frame for utterance 1_1_0_1_0_1_0_0 is -6.57556 over 546 frames.
1_1_0_1_0_1_1_0 YES YES NO YES NO YES YES NO 
LOG (gmm-latgen-faster[5.5.987~1-eb8d0]:DecodeUtteranceLatticeFaster():decoder-wrappers.cc:375) Log-like per frame for utterance 1_1_0_1_0_1_1_0 is -6.50032 over 599 frames.
1_1_0_1_1_0_0_1 YES YES NO YES YES NO NO YES 
LOG (gmm-latgen-faster[5.5.987~1-eb8d0]:DecodeUtteranceLatticeFaster():decoder-wrappers.cc:375) Log-like per frame for utterance 1_1_0_1_1_0_0_1 is -7.01164 over 612 frames.
1_1_0_1_1_0_1_1 YES YES NO YES YES NO YES YES 
LOG (gmm-latgen-faster[5.5.987~1-eb8d0]:DecodeUtteranceLatticeFaster():decoder-wrappers.cc:375) Log-like per frame for utterance 1_1_0_1_1_0_1_1 is -6.58745 over 585 frames.
1_1_0_1_1_1_1_0 NO YES YES NO YES YES YES YES NO 
LOG (gmm-latgen-faster[5.5.987~1-eb8d0]:DecodeUtteranceLatticeFaster():decoder-wrappers.cc:375) Log-like per frame for utterance 1_1_0_1_1_1_1_0 is -6.95953 over 619 frames.
1_1_1_0_0_0_0_1 YES YES YES NO NO NO NO YES 
LOG (gmm-latgen-faster[5.5.987~1-eb8d0]:DecodeUtteranceLatticeFaster():decoder-wrappers.cc:375) Log-like per frame for utterance 1_1_1_0_0_0_0_1 is -6.53303 over 602 frames.
1_1_1_0_0_1_0_1 YES YES YES NO NO YES NO YES 
LOG (gmm-latgen-faster[5.5.987~1-eb8d0]:DecodeUtteranceLatticeFaster():decoder-wrappers.cc:375) Log-like per frame for utterance 1_1_1_0_0_1_0_1 is -6.49239 over 633 frames.
1_1_1_0_0_1_1_1 YES YES YES NO NO YES YES YES 
LOG (gmm-latgen-faster[5.5.987~1-eb8d0]:DecodeUtteranceLatticeFaster():decoder-wrappers.cc:375) Log-like per frame for utterance 1_1_1_0_0_1_1_1 is -6.92783 over 569 frames.
1_1_1_0_1_0_1_0 YES YES YES NO YES NO YES NO NO 
LOG (gmm-latgen-faster[5.5.987~1-eb8d0]:DecodeUtteranceLatticeFaster():decoder-wrappers.cc:375) Log-like per frame for utterance 1_1_1_0_1_0_1_0 is -6.68028 over 605 frames.
1_1_1_0_1_0_1_1 YES YES YES NO YES NO YES YES 
LOG (gmm-latgen-faster[5.5.987~1-eb8d0]:DecodeUtteranceLatticeFaster():decoder-wrappers.cc:375) Log-like per frame for utterance 1_1_1_0_1_0_1_1 is -6.55415 over 620 frames.
1_1_1_1_0_0_1_0 YES YES YES YES NO NO YES NO 
LOG (gmm-latgen-faster[5.5.987~1-eb8d0]:DecodeUtteranceLatticeFaster():decoder-wrappers.cc:375) Log-like per frame for utterance 1_1_1_1_0_0_1_0 is -6.54692 over 670 frames.
1_1_1_1_0_1_0_0 YES YES YES YES YES NO YES NO NO 
LOG (gmm-latgen-faster[5.5.987~1-eb8d0]:DecodeUtteranceLatticeFaster():decoder-wrappers.cc:375) Log-like per frame for utterance 1_1_1_1_0_1_0_0 is -7.05466 over 538 frames.
LOG (apply-cmvn[5.5.987~1-eb8d0]:main():apply-cmvn.cc:162) Applied cepstral mean normalization to 29 utterances, errors on 0
1_1_1_1_1_0_0_0 NO YES YES YES YES YES NO NO NO 
LOG (gmm-latgen-faster[5.5.987~1-eb8d0]:DecodeUtteranceLatticeFaster():decoder-wrappers.cc:375) Log-like per frame for utterance 1_1_1_1_1_0_0_0 is -7.04419 over 612 frames.
1_1_1_1_1_1_0_0 YES YES YES YES YES YES NO NO 
LOG (gmm-latgen-faster[5.5.987~1-eb8d0]:DecodeUtteranceLatticeFaster():decoder-wrappers.cc:375) Log-like per frame for utterance 1_1_1_1_1_1_0_0 is -6.68839 over 656 frames.
1_1_1_1_1_1_1_1 YES YES YES YES YES YES YES YES 
LOG (gmm-latgen-faster[5.5.987~1-eb8d0]:DecodeUtteranceLatticeFaster():decoder-wrappers.cc:375) Log-like per frame for utterance 1_1_1_1_1_1_1_1 is -6.3827 over 644 frames.
LOG (gmm-latgen-faster[5.5.987~1-eb8d0]:main():gmm-latgen-faster.cc:176) Time taken 1.44267s: real-time factor assuming 100 frames/sec is 0.00817332
LOG (gmm-latgen-faster[5.5.987~1-eb8d0]:main():gmm-latgen-faster.cc:179) Done 29 utterances, failed for 0
LOG (gmm-latgen-faster[5.5.987~1-eb8d0]:main():gmm-latgen-faster.cc:181) Overall log-likelihood per frame is -6.70542 over 17651 frames.
# Accounting: time=2 threads=1
# Ended (code 0) at Wed Oct 27 13:36:40 +03 2021, elapsed time 2 seconds
