# lattice-depth-per-frame "ark:gunzip -c exp/mono/decode/lat.1.gz|" "ark,t:|gzip -c > exp/mono/decode/depth_tmp.1.gz" ark:- | lattice-best-path --acoustic-scale=0.1 ark:- ark:/dev/null "ark,t:|gzip -c >exp/mono/decode/ali_tmp.1.gz" 
# Started at Wed Oct 27 13:36:40 +03 2021
#
lattice-depth-per-frame 'ark:gunzip -c exp/mono/decode/lat.1.gz|' 'ark,t:|gzip -c > exp/mono/decode/depth_tmp.1.gz' ark:- 
lattice-best-path --acoustic-scale=0.1 ark:- ark:/dev/null 'ark,t:|gzip -c >exp/mono/decode/ali_tmp.1.gz' 
LOG (lattice-best-path[5.5.987~1-eb8d0]:main():lattice-best-path.cc:99) For utterance 1_0_0_0_0_0_0_0, best cost 46.3047 + 5129.63 = 5175.93 over 668 frames.
LOG (lattice-best-path[5.5.987~1-eb8d0]:main():lattice-best-path.cc:99) For utterance 1_0_0_0_0_0_0_1, best cost 46.1557 + 5288.12 = 5334.27 over 672 frames.
LOG (lattice-best-path[5.5.987~1-eb8d0]:main():lattice-best-path.cc:99) For utterance 1_0_0_0_0_0_1_1, best cost 42.6908 + 4821.62 = 4864.31 over 625 frames.
LOG (lattice-best-path[5.5.987~1-eb8d0]:main():lattice-best-path.cc:99) For utterance 1_0_0_0_1_0_0_1, best cost 40.1663 + 4819.29 = 4859.46 over 621 frames.
LOG (lattice-best-path[5.5.987~1-eb8d0]:main():lattice-best-path.cc:99) For utterance 1_0_0_1_0_1_1_1, best cost 49.014 + 5333.35 = 5382.36 over 613 frames.
LOG (lattice-best-path[5.5.987~1-eb8d0]:main():lattice-best-path.cc:99) For utterance 1_0_1_0_1_0_0_1, best cost 39.6983 + 3975.92 = 4015.61 over 492 frames.
LOG (lattice-best-path[5.5.987~1-eb8d0]:main():lattice-best-path.cc:99) For utterance 1_0_1_1_0_1_1_1, best cost 39.0433 + 4644.53 = 4683.57 over 594 frames.
LOG (lattice-best-path[5.5.987~1-eb8d0]:main():lattice-best-path.cc:99) For utterance 1_0_1_1_1_0_1_0, best cost 43.7054 + 4734.94 = 4778.65 over 596 frames.
LOG (lattice-best-path[5.5.987~1-eb8d0]:main():lattice-best-path.cc:99) For utterance 1_0_1_1_1_1_0_1, best cost 39.4233 + 4992.48 = 5031.9 over 640 frames.
LOG (lattice-best-path[5.5.987~1-eb8d0]:main():lattice-best-path.cc:99) For utterance 1_1_0_0_0_0_0_1, best cost 44.6035 + 5047.23 = 5091.83 over 606 frames.
LOG (lattice-best-path[5.5.987~1-eb8d0]:main():lattice-best-path.cc:99) For utterance 1_1_0_0_0_1_1_1, best cost 41.3905 + 4825.17 = 4866.57 over 616 frames.
LOG (lattice-depth-per-frame[5.5.987~1-eb8d0]:main():lattice-depth-per-frame.cc:82) Done 29 lattices.
LOG (lattice-best-path[5.5.987~1-eb8d0]:main():lattice-best-path.cc:99) For utterance 1_1_0_0_1_0_1_0, best cost 37.9783 + 4914.9 = 4952.88 over 570 frames.
LOG (lattice-best-path[5.5.987~1-eb8d0]:main():lattice-best-path.cc:99) For utterance 1_1_0_0_1_0_1_1, best cost 42.9582 + 4729.62 = 4772.58 over 612 frames.
LOG (lattice-best-path[5.5.987~1-eb8d0]:main():lattice-best-path.cc:99) For utterance 1_1_0_0_1_1_1_0, best cost 44.5346 + 4834.44 = 4878.97 over 616 frames.
LOG (lattice-best-path[5.5.987~1-eb8d0]:main():lattice-best-path.cc:99) For utterance 1_1_0_1_0_1_0_0, best cost 42.1653 + 4257.73 = 4299.89 over 546 frames.
LOG (lattice-best-path[5.5.987~1-eb8d0]:main():lattice-best-path.cc:99) For utterance 1_1_0_1_0_1_1_0, best cost 42.461 + 4621.5 = 4663.96 over 599 frames.
LOG (lattice-best-path[5.5.987~1-eb8d0]:main():lattice-best-path.cc:99) For utterance 1_1_0_1_1_0_0_1, best cost 40.4108 + 5100.88 = 5141.29 over 612 frames.
LOG (lattice-best-path[5.5.987~1-eb8d0]:main():lattice-best-path.cc:99) For utterance 1_1_0_1_1_0_1_1, best cost 41.0149 + 4575.19 = 4616.2 over 585 frames.
LOG (lattice-best-path[5.5.987~1-eb8d0]:main():lattice-best-path.cc:99) For utterance 1_1_0_1_1_1_1_0, best cost 40.6139 + 5120.83 = 5161.44 over 619 frames.
LOG (lattice-best-path[5.5.987~1-eb8d0]:main():lattice-best-path.cc:99) For utterance 1_1_1_0_0_0_0_1, best cost 39.8398 + 4671.67 = 4711.51 over 602 frames.
LOG (lattice-best-path[5.5.987~1-eb8d0]:main():lattice-best-path.cc:99) For utterance 1_1_1_0_0_1_0_1, best cost 42.9169 + 4880.14 = 4923.06 over 633 frames.
LOG (lattice-best-path[5.5.987~1-eb8d0]:main():lattice-best-path.cc:99) For utterance 1_1_1_0_0_1_1_1, best cost 51.2323 + 4668.86 = 4720.1 over 569 frames.
LOG (lattice-best-path[5.5.987~1-eb8d0]:main():lattice-best-path.cc:99) For utterance 1_1_1_0_1_0_1_0, best cost 43.7105 + 4797.45 = 4841.16 over 605 frames.
LOG (lattice-best-path[5.5.987~1-eb8d0]:main():lattice-best-path.cc:99) For utterance 1_1_1_0_1_0_1_1, best cost 40.7341 + 4827.43 = 4868.16 over 620 frames.
LOG (lattice-best-path[5.5.987~1-eb8d0]:main():lattice-best-path.cc:99) For utterance 1_1_1_1_0_0_1_0, best cost 47.7059 + 5206.5 = 5254.21 over 670 frames.
LOG (lattice-best-path[5.5.987~1-eb8d0]:main():lattice-best-path.cc:99) For utterance 1_1_1_1_0_1_0_0, best cost 43.9345 + 4501.78 = 4545.72 over 538 frames.
LOG (lattice-best-path[5.5.987~1-eb8d0]:main():lattice-best-path.cc:99) For utterance 1_1_1_1_1_0_0_0, best cost 41.2161 + 5123.81 = 5165.03 over 612 frames.
LOG (lattice-best-path[5.5.987~1-eb8d0]:main():lattice-best-path.cc:99) For utterance 1_1_1_1_1_1_0_0, best cost 45.4787 + 5210.54 = 5256.02 over 656 frames.
LOG (lattice-best-path[5.5.987~1-eb8d0]:main():lattice-best-path.cc:99) For utterance 1_1_1_1_1_1_1_1, best cost 54.1076 + 4867.64 = 4921.75 over 644 frames.
LOG (lattice-best-path[5.5.987~1-eb8d0]:main():lattice-best-path.cc:124) Overall cost per frame is 8.03231 = 0.0711126 [graph] + 7.9612 [acoustic] over 17651 frames.
LOG (lattice-best-path[5.5.987~1-eb8d0]:main():lattice-best-path.cc:128) Done 29 lattices, failed for 0
# Accounting: time=0 threads=1
# Ended (code 0) at Wed Oct 27 13:36:40 +03 2021, elapsed time 0 seconds
