# build-tree --verbose=1 --max-leaves=2000 --cluster-thresh=-1 exp/tri1/treeacc data/lang/phones/roots.int exp/tri1/questions.qst data/lang/topo exp/tri1/tree 
# Started at Wed Oct 27 13:36:47 +03 2021
#
build-tree --verbose=1 --max-leaves=2000 --cluster-thresh=-1 exp/tri1/treeacc data/lang/phones/roots.int exp/tri1/questions.qst data/lang/topo exp/tri1/tree 
LOG (build-tree[5.5.987~1-eb8d0]:main():build-tree.cc:104) Number of separate statistics is 25
LOG (build-tree[5.5.987~1-eb8d0]:BuildTree():build-tree.cc:161) BuildTree: before building trees, map has 5 leaves.
LOG (build-tree[5.5.987~1-eb8d0]:SplitDecisionTree():build-tree-utils.cc:577) DoDecisionTreeSplit: split 12 times, #leaves now 17
LOG (build-tree[5.5.987~1-eb8d0]:BuildTree():build-tree.cc:187) Setting clustering threshold to smallest split 305.059
VLOG[1] (build-tree[5.5.987~1-eb8d0]:BuildTree():build-tree.cc:196) After decision tree split, num-leaves = 17, like-impr = 7.6054 per frame over 18996 frames.
VLOG[1] (build-tree[5.5.987~1-eb8d0]:BuildTree():build-tree.cc:200) Including just phones that were split, improvement is 7.6054 per frame over 18996 frames.
LOG (build-tree[5.5.987~1-eb8d0]:BuildTree():build-tree.cc:215) BuildTree: removed 1 leaves.
VLOG[1] (build-tree[5.5.987~1-eb8d0]:ClusterEventMapToNClustersRestrictedByMap():build-tree-utils.cc:914) Number of non-empty clusters in map = 3
VLOG[1] (build-tree[5.5.987~1-eb8d0]:ClusterEventMapToNClustersRestrictedByMap():build-tree-utils.cc:915) Number of non-empty clusters = 14
VLOG[1] (build-tree[5.5.987~1-eb8d0]:BuildTree():build-tree.cc:256) Objf change due to clustering -0.00829122 per frame.
VLOG[1] (build-tree[5.5.987~1-eb8d0]:BuildTree():build-tree.cc:259) Normalizing over only split phones, this is: -0.00829122 per frame.
VLOG[1] (build-tree[5.5.987~1-eb8d0]:BuildTree():build-tree.cc:262) Num-leaves is now 16
VLOG[1] (build-tree[5.5.987~1-eb8d0]:main():build-tree.cc:143) For pdf-id 1, low count 0
VLOG[1] (build-tree[5.5.987~1-eb8d0]:main():build-tree.cc:143) For pdf-id 2, low count 0
VLOG[1] (build-tree[5.5.987~1-eb8d0]:main():build-tree.cc:143) For pdf-id 12, low count 67
VLOG[1] (build-tree[5.5.987~1-eb8d0]:main():build-tree.cc:143) For pdf-id 15, low count 10
WARNING (build-tree[5.5.987~1-eb8d0]:main():build-tree.cc:185) Saw no stats for following phones: 2 3 4 5 6 7 8 9 10 11 12 13 14 15 16 17 18 20 21 22 
LOG (build-tree[5.5.987~1-eb8d0]:main():build-tree.cc:189) Wrote tree
# Accounting: time=0 threads=1
# Ended (code 0) at Wed Oct 27 13:36:47 +03 2021, elapsed time 0 seconds
