# gmm-est --mix-up=3080 --power=0.25 --write-occs=exp/tri1/5.occs exp/tri1/4.mdl "gmm-sum-accs - exp/tri1/4.*.acc |" exp/tri1/5.mdl 
# Started at Wed Oct 27 13:36:50 +03 2021
#
gmm-est --mix-up=3080 --power=0.25 --write-occs=exp/tri1/5.occs exp/tri1/4.mdl 'gmm-sum-accs - exp/tri1/4.*.acc |' exp/tri1/5.mdl 
gmm-sum-accs - exp/tri1/4.1.acc 
LOG (gmm-sum-accs[5.5.987~1-eb8d0]:main():gmm-sum-accs.cc:63) Summed 1 stats, total count 18996, avg like/frame -77.3269
LOG (gmm-sum-accs[5.5.987~1-eb8d0]:main():gmm-sum-accs.cc:66) Total count of stats is 18996
LOG (gmm-sum-accs[5.5.987~1-eb8d0]:main():gmm-sum-accs.cc:67) Written stats to -
LOG (gmm-est[5.5.987~1-eb8d0]:MleUpdate():transition-model.cc:528) TransitionModel::Update, objf change is 0 per frame over 18996 frames. 
LOG (gmm-est[5.5.987~1-eb8d0]:MleUpdate():transition-model.cc:531) 4 probabilities floored, 101 out of 115 transition-states skipped due to insuffient data (it is normal to have some skipped.)
LOG (gmm-est[5.5.987~1-eb8d0]:main():gmm-est.cc:102) Transition model update: Overall 0 log-like improvement per frame over 18996 frames.
WARNING (gmm-est[5.5.987~1-eb8d0]:MleDiagGmmUpdate():mle-diag-gmm.cc:359) Too little data - removing Gaussian (weight 0.004331, occupation count 9.870473, vector size 39)
WARNING (gmm-est[5.5.987~1-eb8d0]:MleDiagGmmUpdate():mle-diag-gmm.cc:359) Too little data - removing Gaussian (weight 0.003271, occupation count 7.454963, vector size 39)
WARNING (gmm-est[5.5.987~1-eb8d0]:MleDiagGmmUpdate():mle-diag-gmm.cc:359) Too little data - removing Gaussian (weight 0.003411, occupation count 7.774338, vector size 39)
WARNING (gmm-est[5.5.987~1-eb8d0]:MleDiagGmmUpdate():mle-diag-gmm.cc:359) Too little data - removing Gaussian (weight 0.002467, occupation count 5.623373, vector size 39)
WARNING (gmm-est[5.5.987~1-eb8d0]:MleDiagGmmUpdate():mle-diag-gmm.cc:359) Too little data - removing Gaussian (weight 0.002878, occupation count 6.559937, vector size 39)
WARNING (gmm-est[5.5.987~1-eb8d0]:MleDiagGmmUpdate():mle-diag-gmm.cc:359) Too little data - removing Gaussian (weight 0.002286, occupation count 5.208664, vector size 39)
WARNING (gmm-est[5.5.987~1-eb8d0]:MleDiagGmmUpdate():mle-diag-gmm.cc:359) Too little data - removing Gaussian (weight 0.004064, occupation count 9.261246, vector size 39)
WARNING (gmm-est[5.5.987~1-eb8d0]:MleDiagGmmUpdate():mle-diag-gmm.cc:359) Too little data - removing Gaussian (weight 0.003627, occupation count 8.265585, vector size 39)
WARNING (gmm-est[5.5.987~1-eb8d0]:MleDiagGmmUpdate():mle-diag-gmm.cc:359) Too little data - removing Gaussian (weight 0.004037, occupation count 9.200678, vector size 39)
WARNING (gmm-est[5.5.987~1-eb8d0]:MleDiagGmmUpdate():mle-diag-gmm.cc:359) Too little data - removing Gaussian (weight 0.003444, occupation count 7.848920, vector size 39)
WARNING (gmm-est[5.5.987~1-eb8d0]:MleDiagGmmUpdate():mle-diag-gmm.cc:359) Too little data - removing Gaussian (weight 0.003185, occupation count 7.258132, vector size 39)
WARNING (gmm-est[5.5.987~1-eb8d0]:MleDiagGmmUpdate():mle-diag-gmm.cc:359) Too little data - removing Gaussian (weight 0.003004, occupation count 6.845882, vector size 39)
WARNING (gmm-est[5.5.987~1-eb8d0]:MleDiagGmmUpdate():mle-diag-gmm.cc:359) Too little data - removing Gaussian (weight 0.001685, occupation count 3.841055, vector size 39)
WARNING (gmm-est[5.5.987~1-eb8d0]:MleDiagGmmUpdate():mle-diag-gmm.cc:359) Too little data - removing Gaussian (weight 0.003983, occupation count 9.078126, vector size 39)
WARNING (gmm-est[5.5.987~1-eb8d0]:MleDiagGmmUpdate():mle-diag-gmm.cc:359) Too little data - removing Gaussian (weight 0.004215, occupation count 9.605312, vector size 39)
WARNING (gmm-est[5.5.987~1-eb8d0]:MleDiagGmmUpdate():mle-diag-gmm.cc:359) Too little data - removing Gaussian (weight 0.003496, occupation count 7.967762, vector size 39)
WARNING (gmm-est[5.5.987~1-eb8d0]:MleDiagGmmUpdate():mle-diag-gmm.cc:359) Too little data - removing Gaussian (weight 0.003456, occupation count 7.875846, vector size 39)
WARNING (gmm-est[5.5.987~1-eb8d0]:MleDiagGmmUpdate():mle-diag-gmm.cc:359) Too little data - removing Gaussian (weight 0.002929, occupation count 6.674052, vector size 39)
WARNING (gmm-est[5.5.987~1-eb8d0]:MleDiagGmmUpdate():mle-diag-gmm.cc:359) Too little data - removing Gaussian (weight 0.002148, occupation count 4.894810, vector size 39)
WARNING (gmm-est[5.5.987~1-eb8d0]:MleDiagGmmUpdate():mle-diag-gmm.cc:359) Too little data - removing Gaussian (weight 0.004284, occupation count 9.762630, vector size 39)
WARNING (gmm-est[5.5.987~1-eb8d0]:MleDiagGmmUpdate():mle-diag-gmm.cc:359) Too little data - removing Gaussian (weight 0.004019, occupation count 9.158981, vector size 39)
WARNING (gmm-est[5.5.987~1-eb8d0]:MleDiagGmmUpdate():mle-diag-gmm.cc:359) Too little data - removing Gaussian (weight 0.003626, occupation count 8.264028, vector size 39)
WARNING (gmm-est[5.5.987~1-eb8d0]:MleDiagGmmUpdate():mle-diag-gmm.cc:359) Too little data - removing Gaussian (weight 0.002609, occupation count 5.946156, vector size 39)
WARNING (gmm-est[5.5.987~1-eb8d0]:MleDiagGmmUpdate():mle-diag-gmm.cc:359) Too little data - removing Gaussian (weight 0.003928, occupation count 8.951554, vector size 39)
WARNING (gmm-est[5.5.987~1-eb8d0]:MleDiagGmmUpdate():mle-diag-gmm.cc:359) Too little data - removing Gaussian (weight 0.003614, occupation count 8.236770, vector size 39)
WARNING (gmm-est[5.5.987~1-eb8d0]:MleDiagGmmUpdate():mle-diag-gmm.cc:359) Too little data - removing Gaussian (weight 0.003397, occupation count 7.742737, vector size 39)
WARNING (gmm-est[5.5.987~1-eb8d0]:MleDiagGmmUpdate():mle-diag-gmm.cc:359) Too little data - removing Gaussian (weight 0.002306, occupation count 5.255730, vector size 39)
WARNING (gmm-est[5.5.987~1-eb8d0]:MleDiagGmmUpdate():mle-diag-gmm.cc:359) Too little data - removing Gaussian (weight 0.002665, occupation count 6.072814, vector size 39)
WARNING (gmm-est[5.5.987~1-eb8d0]:MleDiagGmmUpdate():mle-diag-gmm.cc:359) Too little data - removing Gaussian (weight 0.003111, occupation count 7.089089, vector size 39)
WARNING (gmm-est[5.5.987~1-eb8d0]:MleDiagGmmUpdate():mle-diag-gmm.cc:359) Too little data - removing Gaussian (weight 0.002509, occupation count 5.718727, vector size 39)
WARNING (gmm-est[5.5.987~1-eb8d0]:MleDiagGmmUpdate():mle-diag-gmm.cc:359) Too little data - removing Gaussian (weight 0.002217, occupation count 5.051983, vector size 39)
WARNING (gmm-est[5.5.987~1-eb8d0]:MleDiagGmmUpdate():mle-diag-gmm.cc:359) Too little data - removing Gaussian (weight 0.004039, occupation count 9.204747, vector size 39)
WARNING (gmm-est[5.5.987~1-eb8d0]:MleDiagGmmUpdate():mle-diag-gmm.cc:359) Too little data - removing Gaussian (weight 0.003470, occupation count 7.909205, vector size 39)
WARNING (gmm-est[5.5.987~1-eb8d0]:MleDiagGmmUpdate():mle-diag-gmm.cc:365) Gaussian has too little data but not removing it because it is the last Gaussian: i = 0, occ = 0, weight = 1
WARNING (gmm-est[5.5.987~1-eb8d0]:MleDiagGmmUpdate():mle-diag-gmm.cc:365) Gaussian has too little data but not removing it because it is the last Gaussian: i = 0, occ = 0, weight = 1
WARNING (gmm-est[5.5.987~1-eb8d0]:MleDiagGmmUpdate():mle-diag-gmm.cc:359) Too little data - removing Gaussian (weight 0.001495, occupation count 7.500885, vector size 39)
WARNING (gmm-est[5.5.987~1-eb8d0]:MleDiagGmmUpdate():mle-diag-gmm.cc:359) Too little data - removing Gaussian (weight 0.001541, occupation count 7.729828, vector size 39)
WARNING (gmm-est[5.5.987~1-eb8d0]:MleDiagGmmUpdate():mle-diag-gmm.cc:359) Too little data - removing Gaussian (weight 0.001508, occupation count 7.562529, vector size 39)
WARNING (gmm-est[5.5.987~1-eb8d0]:MleDiagGmmUpdate():mle-diag-gmm.cc:359) Too little data - removing Gaussian (weight 0.001371, occupation count 6.878505, vector size 39)
WARNING (gmm-est[5.5.987~1-eb8d0]:MleDiagGmmUpdate():mle-diag-gmm.cc:359) Too little data - removing Gaussian (weight 0.001527, occupation count 7.658232, vector size 39)
WARNING (gmm-est[5.5.987~1-eb8d0]:MleDiagGmmUpdate():mle-diag-gmm.cc:359) Too little data - removing Gaussian (weight 0.001191, occupation count 5.975769, vector size 39)
WARNING (gmm-est[5.5.987~1-eb8d0]:MleDiagGmmUpdate():mle-diag-gmm.cc:359) Too little data - removing Gaussian (weight 0.001838, occupation count 9.220785, vector size 39)
WARNING (gmm-est[5.5.987~1-eb8d0]:MleDiagGmmUpdate():mle-diag-gmm.cc:359) Too little data - removing Gaussian (weight 0.001557, occupation count 7.811383, vector size 39)
WARNING (gmm-est[5.5.987~1-eb8d0]:MleDiagGmmUpdate():mle-diag-gmm.cc:359) Too little data - removing Gaussian (weight 0.001348, occupation count 6.759083, vector size 39)
WARNING (gmm-est[5.5.987~1-eb8d0]:MleDiagGmmUpdate():mle-diag-gmm.cc:359) Too little data - removing Gaussian (weight 0.001425, occupation count 7.145999, vector size 39)
WARNING (gmm-est[5.5.987~1-eb8d0]:MleDiagGmmUpdate():mle-diag-gmm.cc:359) Too little data - removing Gaussian (weight 0.001138, occupation count 5.706321, vector size 39)
WARNING (gmm-est[5.5.987~1-eb8d0]:MleDiagGmmUpdate():mle-diag-gmm.cc:359) Too little data - removing Gaussian (weight 0.001630, occupation count 8.175361, vector size 39)
WARNING (gmm-est[5.5.987~1-eb8d0]:MleDiagGmmUpdate():mle-diag-gmm.cc:359) Too little data - removing Gaussian (weight 0.001969, occupation count 9.878394, vector size 39)
WARNING (gmm-est[5.5.987~1-eb8d0]:MleDiagGmmUpdate():mle-diag-gmm.cc:359) Too little data - removing Gaussian (weight 0.001513, occupation count 7.589061, vector size 39)
WARNING (gmm-est[5.5.987~1-eb8d0]:MleDiagGmmUpdate():mle-diag-gmm.cc:359) Too little data - removing Gaussian (weight 0.001868, occupation count 9.367811, vector size 39)
WARNING (gmm-est[5.5.987~1-eb8d0]:MleDiagGmmUpdate():mle-diag-gmm.cc:359) Too little data - removing Gaussian (weight 0.001631, occupation count 8.180266, vector size 39)
WARNING (gmm-est[5.5.987~1-eb8d0]:MleDiagGmmUpdate():mle-diag-gmm.cc:359) Too little data - removing Gaussian (weight 0.001850, occupation count 9.280636, vector size 39)
WARNING (gmm-est[5.5.987~1-eb8d0]:MleDiagGmmUpdate():mle-diag-gmm.cc:359) Too little data - removing Gaussian (weight 0.001904, occupation count 9.551414, vector size 39)
WARNING (gmm-est[5.5.987~1-eb8d0]:MleDiagGmmUpdate():mle-diag-gmm.cc:359) Too little data - removing Gaussian (weight 0.001515, occupation count 7.597210, vector size 39)
WARNING (gmm-est[5.5.987~1-eb8d0]:MleDiagGmmUpdate():mle-diag-gmm.cc:359) Too little data - removing Gaussian (weight 0.001766, occupation count 8.855809, vector size 39)
WARNING (gmm-est[5.5.987~1-eb8d0]:MleDiagGmmUpdate():mle-diag-gmm.cc:359) Too little data - removing Gaussian (weight 0.001830, occupation count 9.177368, vector size 39)
WARNING (gmm-est[5.5.987~1-eb8d0]:MleDiagGmmUpdate():mle-diag-gmm.cc:359) Too little data - removing Gaussian (weight 0.001553, occupation count 7.791720, vector size 39)
WARNING (gmm-est[5.5.987~1-eb8d0]:MleDiagGmmUpdate():mle-diag-gmm.cc:359) Too little data - removing Gaussian (weight 0.001606, occupation count 8.054648, vector size 39)
WARNING (gmm-est[5.5.987~1-eb8d0]:MleDiagGmmUpdate():mle-diag-gmm.cc:359) Too little data - removing Gaussian (weight 0.001817, occupation count 9.115745, vector size 39)
WARNING (gmm-est[5.5.987~1-eb8d0]:MleDiagGmmUpdate():mle-diag-gmm.cc:359) Too little data - removing Gaussian (weight 0.001381, occupation count 6.926368, vector size 39)
WARNING (gmm-est[5.5.987~1-eb8d0]:MleDiagGmmUpdate():mle-diag-gmm.cc:359) Too little data - removing Gaussian (weight 0.001750, occupation count 8.778326, vector size 39)
WARNING (gmm-est[5.5.987~1-eb8d0]:MleDiagGmmUpdate():mle-diag-gmm.cc:359) Too little data - removing Gaussian (weight 0.001755, occupation count 8.805328, vector size 39)
WARNING (gmm-est[5.5.987~1-eb8d0]:MleDiagGmmUpdate():mle-diag-gmm.cc:359) Too little data - removing Gaussian (weight 0.001877, occupation count 9.413418, vector size 39)
WARNING (gmm-est[5.5.987~1-eb8d0]:MleDiagGmmUpdate():mle-diag-gmm.cc:359) Too little data - removing Gaussian (weight 0.001817, occupation count 9.115169, vector size 39)
WARNING (gmm-est[5.5.987~1-eb8d0]:MleDiagGmmUpdate():mle-diag-gmm.cc:359) Too little data - removing Gaussian (weight 0.001858, occupation count 9.319925, vector size 39)
WARNING (gmm-est[5.5.987~1-eb8d0]:MleDiagGmmUpdate():mle-diag-gmm.cc:359) Too little data - removing Gaussian (weight 0.001863, occupation count 9.346045, vector size 39)
WARNING (gmm-est[5.5.987~1-eb8d0]:MleDiagGmmUpdate():mle-diag-gmm.cc:359) Too little data - removing Gaussian (weight 0.001658, occupation count 8.315165, vector size 39)
WARNING (gmm-est[5.5.987~1-eb8d0]:MleDiagGmmUpdate():mle-diag-gmm.cc:359) Too little data - removing Gaussian (weight 0.001510, occupation count 7.574045, vector size 39)
WARNING (gmm-est[5.5.987~1-eb8d0]:MleDiagGmmUpdate():mle-diag-gmm.cc:359) Too little data - removing Gaussian (weight 0.001888, occupation count 9.468886, vector size 39)
WARNING (gmm-est[5.5.987~1-eb8d0]:MleDiagGmmUpdate():mle-diag-gmm.cc:359) Too little data - removing Gaussian (weight 0.001892, occupation count 9.490932, vector size 39)
WARNING (gmm-est[5.5.987~1-eb8d0]:MleDiagGmmUpdate():mle-diag-gmm.cc:359) Too little data - removing Gaussian (weight 0.001757, occupation count 8.813151, vector size 39)
WARNING (gmm-est[5.5.987~1-eb8d0]:MleDiagGmmUpdate():mle-diag-gmm.cc:359) Too little data - removing Gaussian (weight 0.001387, occupation count 6.957216, vector size 39)
WARNING (gmm-est[5.5.987~1-eb8d0]:MleDiagGmmUpdate():mle-diag-gmm.cc:359) Too little data - removing Gaussian (weight 0.001454, occupation count 7.294992, vector size 39)
WARNING (gmm-est[5.5.987~1-eb8d0]:MleDiagGmmUpdate():mle-diag-gmm.cc:359) Too little data - removing Gaussian (weight 0.001515, occupation count 7.601523, vector size 39)
WARNING (gmm-est[5.5.987~1-eb8d0]:MleDiagGmmUpdate():mle-diag-gmm.cc:359) Too little data - removing Gaussian (weight 0.001337, occupation count 6.704573, vector size 39)
WARNING (gmm-est[5.5.987~1-eb8d0]:MleDiagGmmUpdate():mle-diag-gmm.cc:359) Too little data - removing Gaussian (weight 0.001758, occupation count 8.816021, vector size 39)
WARNING (gmm-est[5.5.987~1-eb8d0]:MleDiagGmmUpdate():mle-diag-gmm.cc:359) Too little data - removing Gaussian (weight 0.001455, occupation count 7.299163, vector size 39)
WARNING (gmm-est[5.5.987~1-eb8d0]:MleDiagGmmUpdate():mle-diag-gmm.cc:359) Too little data - removing Gaussian (weight 0.001779, occupation count 8.924909, vector size 39)
WARNING (gmm-est[5.5.987~1-eb8d0]:MleDiagGmmUpdate():mle-diag-gmm.cc:359) Too little data - removing Gaussian (weight 0.001671, occupation count 8.381655, vector size 39)
WARNING (gmm-est[5.5.987~1-eb8d0]:MleDiagGmmUpdate():mle-diag-gmm.cc:359) Too little data - removing Gaussian (weight 0.001797, occupation count 9.014706, vector size 39)
WARNING (gmm-est[5.5.987~1-eb8d0]:MleDiagGmmUpdate():mle-diag-gmm.cc:359) Too little data - removing Gaussian (weight 0.001389, occupation count 6.969347, vector size 39)
WARNING (gmm-est[5.5.987~1-eb8d0]:MleDiagGmmUpdate():mle-diag-gmm.cc:359) Too little data - removing Gaussian (weight 0.001925, occupation count 9.657239, vector size 39)
WARNING (gmm-est[5.5.987~1-eb8d0]:MleDiagGmmUpdate():mle-diag-gmm.cc:359) Too little data - removing Gaussian (weight 0.001756, occupation count 8.810099, vector size 39)
WARNING (gmm-est[5.5.987~1-eb8d0]:MleDiagGmmUpdate():mle-diag-gmm.cc:359) Too little data - removing Gaussian (weight 0.001703, occupation count 8.542828, vector size 39)
WARNING (gmm-est[5.5.987~1-eb8d0]:MleDiagGmmUpdate():mle-diag-gmm.cc:359) Too little data - removing Gaussian (weight 0.001481, occupation count 7.429898, vector size 39)
WARNING (gmm-est[5.5.987~1-eb8d0]:MleDiagGmmUpdate():mle-diag-gmm.cc:359) Too little data - removing Gaussian (weight 0.001633, occupation count 8.191482, vector size 39)
WARNING (gmm-est[5.5.987~1-eb8d0]:MleDiagGmmUpdate():mle-diag-gmm.cc:359) Too little data - removing Gaussian (weight 0.001448, occupation count 7.264994, vector size 39)
WARNING (gmm-est[5.5.987~1-eb8d0]:MleDiagGmmUpdate():mle-diag-gmm.cc:359) Too little data - removing Gaussian (weight 0.001483, occupation count 7.441176, vector size 39)
WARNING (gmm-est[5.5.987~1-eb8d0]:MleDiagGmmUpdate():mle-diag-gmm.cc:359) Too little data - removing Gaussian (weight 0.001632, occupation count 8.186480, vector size 39)
WARNING (gmm-est[5.5.987~1-eb8d0]:MleDiagGmmUpdate():mle-diag-gmm.cc:359) Too little data - removing Gaussian (weight 0.001642, occupation count 8.238674, vector size 39)
WARNING (gmm-est[5.5.987~1-eb8d0]:MleDiagGmmUpdate():mle-diag-gmm.cc:359) Too little data - removing Gaussian (weight 0.001835, occupation count 9.202634, vector size 39)
WARNING (gmm-est[5.5.987~1-eb8d0]:MleDiagGmmUpdate():mle-diag-gmm.cc:359) Too little data - removing Gaussian (weight 0.001847, occupation count 9.265328, vector size 39)
WARNING (gmm-est[5.5.987~1-eb8d0]:MleDiagGmmUpdate():mle-diag-gmm.cc:359) Too little data - removing Gaussian (weight 0.001585, occupation count 7.951574, vector size 39)
WARNING (gmm-est[5.5.987~1-eb8d0]:MleDiagGmmUpdate():mle-diag-gmm.cc:359) Too little data - removing Gaussian (weight 0.003898, occupation count 7.697801, vector size 39)
WARNING (gmm-est[5.5.987~1-eb8d0]:MleDiagGmmUpdate():mle-diag-gmm.cc:359) Too little data - removing Gaussian (weight 0.004733, occupation count 9.346999, vector size 39)
WARNING (gmm-est[5.5.987~1-eb8d0]:MleDiagGmmUpdate():mle-diag-gmm.cc:359) Too little data - removing Gaussian (weight 0.004508, occupation count 8.903513, vector size 39)
WARNING (gmm-est[5.5.987~1-eb8d0]:MleDiagGmmUpdate():mle-diag-gmm.cc:359) Too little data - removing Gaussian (weight 0.002787, occupation count 5.505118, vector size 39)
WARNING (gmm-est[5.5.987~1-eb8d0]:MleDiagGmmUpdate():mle-diag-gmm.cc:359) Too little data - removing Gaussian (weight 0.004989, occupation count 9.852901, vector size 39)
WARNING (gmm-est[5.5.987~1-eb8d0]:MleDiagGmmUpdate():mle-diag-gmm.cc:359) Too little data - removing Gaussian (weight 0.003242, occupation count 6.402072, vector size 39)
WARNING (gmm-est[5.5.987~1-eb8d0]:MleDiagGmmUpdate():mle-diag-gmm.cc:359) Too little data - removing Gaussian (weight 0.004051, occupation count 8.000954, vector size 39)
WARNING (gmm-est[5.5.987~1-eb8d0]:MleDiagGmmUpdate():mle-diag-gmm.cc:359) Too little data - removing Gaussian (weight 0.004739, occupation count 9.359117, vector size 39)
WARNING (gmm-est[5.5.987~1-eb8d0]:MleDiagGmmUpdate():mle-diag-gmm.cc:359) Too little data - removing Gaussian (weight 0.004062, occupation count 9.936769, vector size 39)
WARNING (gmm-est[5.5.987~1-eb8d0]:MleDiagGmmUpdate():mle-diag-gmm.cc:359) Too little data - removing Gaussian (weight 0.003132, occupation count 7.661447, vector size 39)
WARNING (gmm-est[5.5.987~1-eb8d0]:MleDiagGmmUpdate():mle-diag-gmm.cc:359) Too little data - removing Gaussian (weight 0.004012, occupation count 9.812147, vector size 39)
WARNING (gmm-est[5.5.987~1-eb8d0]:MleDiagGmmUpdate():mle-diag-gmm.cc:359) Too little data - removing Gaussian (weight 0.004009, occupation count 9.805648, vector size 39)
WARNING (gmm-est[5.5.987~1-eb8d0]:MleDiagGmmUpdate():mle-diag-gmm.cc:359) Too little data - removing Gaussian (weight 0.003037, occupation count 7.428565, vector size 39)
WARNING (gmm-est[5.5.987~1-eb8d0]:MleDiagGmmUpdate():mle-diag-gmm.cc:359) Too little data - removing Gaussian (weight 0.002546, occupation count 6.226343, vector size 39)
WARNING (gmm-est[5.5.987~1-eb8d0]:MleDiagGmmUpdate():mle-diag-gmm.cc:359) Too little data - removing Gaussian (weight 0.003457, occupation count 8.456830, vector size 39)
WARNING (gmm-est[5.5.987~1-eb8d0]:MleDiagGmmUpdate():mle-diag-gmm.cc:359) Too little data - removing Gaussian (weight 0.003449, occupation count 8.437442, vector size 39)
WARNING (gmm-est[5.5.987~1-eb8d0]:MleDiagGmmUpdate():mle-diag-gmm.cc:359) Too little data - removing Gaussian (weight 0.003037, occupation count 7.428813, vector size 39)
WARNING (gmm-est[5.5.987~1-eb8d0]:MleDiagGmmUpdate():mle-diag-gmm.cc:359) Too little data - removing Gaussian (weight 0.002416, occupation count 5.909736, vector size 39)
WARNING (gmm-est[5.5.987~1-eb8d0]:MleDiagGmmUpdate():mle-diag-gmm.cc:359) Too little data - removing Gaussian (weight 0.002973, occupation count 7.271841, vector size 39)
WARNING (gmm-est[5.5.987~1-eb8d0]:MleDiagGmmUpdate():mle-diag-gmm.cc:359) Too little data - removing Gaussian (weight 0.004084, occupation count 9.988405, vector size 39)
WARNING (gmm-est[5.5.987~1-eb8d0]:MleDiagGmmUpdate():mle-diag-gmm.cc:359) Too little data - removing Gaussian (weight 0.012894, occupation count 9.992540, vector size 39)
WARNING (gmm-est[5.5.987~1-eb8d0]:MleDiagGmmUpdate():mle-diag-gmm.cc:359) Too little data - removing Gaussian (weight 0.005408, occupation count 6.397236, vector size 39)
WARNING (gmm-est[5.5.987~1-eb8d0]:MleDiagGmmUpdate():mle-diag-gmm.cc:359) Too little data - removing Gaussian (weight 0.007760, occupation count 9.180167, vector size 39)
WARNING (gmm-est[5.5.987~1-eb8d0]:MleDiagGmmUpdate():mle-diag-gmm.cc:359) Too little data - removing Gaussian (weight 0.007029, occupation count 8.315881, vector size 39)
WARNING (gmm-est[5.5.987~1-eb8d0]:MleDiagGmmUpdate():mle-diag-gmm.cc:359) Too little data - removing Gaussian (weight 0.005929, occupation count 7.013491, vector size 39)
WARNING (gmm-est[5.5.987~1-eb8d0]:MleDiagGmmUpdate():mle-diag-gmm.cc:359) Too little data - removing Gaussian (weight 0.005514, occupation count 6.522902, vector size 39)
WARNING (gmm-est[5.5.987~1-eb8d0]:MleDiagGmmUpdate():mle-diag-gmm.cc:359) Too little data - removing Gaussian (weight 0.007650, occupation count 9.049658, vector size 39)
WARNING (gmm-est[5.5.987~1-eb8d0]:MleDiagGmmUpdate():mle-diag-gmm.cc:359) Too little data - removing Gaussian (weight 0.006302, occupation count 7.455471, vector size 39)
WARNING (gmm-est[5.5.987~1-eb8d0]:MleDiagGmmUpdate():mle-diag-gmm.cc:359) Too little data - removing Gaussian (weight 0.007896, occupation count 9.340442, vector size 39)
WARNING (gmm-est[5.5.987~1-eb8d0]:MleDiagGmmUpdate():mle-diag-gmm.cc:359) Too little data - removing Gaussian (weight 0.007278, occupation count 8.609847, vector size 39)
WARNING (gmm-est[5.5.987~1-eb8d0]:MleDiagGmmUpdate():mle-diag-gmm.cc:359) Too little data - removing Gaussian (weight 0.007467, occupation count 8.833927, vector size 39)
WARNING (gmm-est[5.5.987~1-eb8d0]:MleDiagGmmUpdate():mle-diag-gmm.cc:359) Too little data - removing Gaussian (weight 0.006136, occupation count 7.258425, vector size 39)
WARNING (gmm-est[5.5.987~1-eb8d0]:MleDiagGmmUpdate():mle-diag-gmm.cc:359) Too little data - removing Gaussian (weight 0.008038, occupation count 9.508462, vector size 39)
WARNING (gmm-est[5.5.987~1-eb8d0]:MleDiagGmmUpdate():mle-diag-gmm.cc:359) Too little data - removing Gaussian (weight 0.004336, occupation count 9.482554, vector size 39)
WARNING (gmm-est[5.5.987~1-eb8d0]:MleDiagGmmUpdate():mle-diag-gmm.cc:359) Too little data - removing Gaussian (weight 0.003336, occupation count 7.295337, vector size 39)
WARNING (gmm-est[5.5.987~1-eb8d0]:MleDiagGmmUpdate():mle-diag-gmm.cc:359) Too little data - removing Gaussian (weight 0.004414, occupation count 9.653645, vector size 39)
WARNING (gmm-est[5.5.987~1-eb8d0]:MleDiagGmmUpdate():mle-diag-gmm.cc:359) Too little data - removing Gaussian (weight 0.002282, occupation count 4.990242, vector size 39)
WARNING (gmm-est[5.5.987~1-eb8d0]:MleDiagGmmUpdate():mle-diag-gmm.cc:359) Too little data - removing Gaussian (weight 0.002930, occupation count 6.407772, vector size 39)
WARNING (gmm-est[5.5.987~1-eb8d0]:MleDiagGmmUpdate():mle-diag-gmm.cc:359) Too little data - removing Gaussian (weight 0.002806, occupation count 6.137432, vector size 39)
WARNING (gmm-est[5.5.987~1-eb8d0]:MleDiagGmmUpdate():mle-diag-gmm.cc:359) Too little data - removing Gaussian (weight 0.004113, occupation count 8.994469, vector size 39)
WARNING (gmm-est[5.5.987~1-eb8d0]:MleDiagGmmUpdate():mle-diag-gmm.cc:359) Too little data - removing Gaussian (weight 0.002352, occupation count 5.144706, vector size 39)
WARNING (gmm-est[5.5.987~1-eb8d0]:MleDiagGmmUpdate():mle-diag-gmm.cc:359) Too little data - removing Gaussian (weight 0.003813, occupation count 8.337985, vector size 39)
WARNING (gmm-est[5.5.987~1-eb8d0]:MleDiagGmmUpdate():mle-diag-gmm.cc:359) Too little data - removing Gaussian (weight 0.002968, occupation count 6.491371, vector size 39)
WARNING (gmm-est[5.5.987~1-eb8d0]:MleDiagGmmUpdate():mle-diag-gmm.cc:359) Too little data - removing Gaussian (weight 0.003966, occupation count 8.673969, vector size 39)
WARNING (gmm-est[5.5.987~1-eb8d0]:MleDiagGmmUpdate():mle-diag-gmm.cc:359) Too little data - removing Gaussian (weight 0.004361, occupation count 9.538173, vector size 39)
WARNING (gmm-est[5.5.987~1-eb8d0]:MleDiagGmmUpdate():mle-diag-gmm.cc:359) Too little data - removing Gaussian (weight 0.003059, occupation count 6.689950, vector size 39)
WARNING (gmm-est[5.5.987~1-eb8d0]:MleDiagGmmUpdate():mle-diag-gmm.cc:359) Too little data - removing Gaussian (weight 0.004514, occupation count 9.871894, vector size 39)
WARNING (gmm-est[5.5.987~1-eb8d0]:MleDiagGmmUpdate():mle-diag-gmm.cc:359) Too little data - removing Gaussian (weight 0.003222, occupation count 7.046705, vector size 39)
WARNING (gmm-est[5.5.987~1-eb8d0]:MleDiagGmmUpdate():mle-diag-gmm.cc:359) Too little data - removing Gaussian (weight 0.004456, occupation count 9.744601, vector size 39)
WARNING (gmm-est[5.5.987~1-eb8d0]:MleDiagGmmUpdate():mle-diag-gmm.cc:359) Too little data - removing Gaussian (weight 0.003779, occupation count 8.264896, vector size 39)
WARNING (gmm-est[5.5.987~1-eb8d0]:MleDiagGmmUpdate():mle-diag-gmm.cc:359) Too little data - removing Gaussian (weight 0.004463, occupation count 9.760612, vector size 39)
WARNING (gmm-est[5.5.987~1-eb8d0]:MleDiagGmmUpdate():mle-diag-gmm.cc:359) Too little data - removing Gaussian (weight 0.004410, occupation count 9.643688, vector size 39)
WARNING (gmm-est[5.5.987~1-eb8d0]:MleDiagGmmUpdate():mle-diag-gmm.cc:359) Too little data - removing Gaussian (weight 0.003644, occupation count 7.969431, vector size 39)
WARNING (gmm-est[5.5.987~1-eb8d0]:MleDiagGmmUpdate():mle-diag-gmm.cc:359) Too little data - removing Gaussian (weight 0.003278, occupation count 7.168561, vector size 39)
WARNING (gmm-est[5.5.987~1-eb8d0]:MleDiagGmmUpdate():mle-diag-gmm.cc:359) Too little data - removing Gaussian (weight 0.003543, occupation count 7.749213, vector size 39)
WARNING (gmm-est[5.5.987~1-eb8d0]:MleDiagGmmUpdate():mle-diag-gmm.cc:359) Too little data - removing Gaussian (weight 0.002537, occupation count 5.548532, vector size 39)
WARNING (gmm-est[5.5.987~1-eb8d0]:MleDiagGmmUpdate():mle-diag-gmm.cc:359) Too little data - removing Gaussian (weight 0.004522, occupation count 9.889873, vector size 39)
WARNING (gmm-est[5.5.987~1-eb8d0]:MleDiagGmmUpdate():mle-diag-gmm.cc:359) Too little data - removing Gaussian (weight 0.003780, occupation count 8.266974, vector size 39)
WARNING (gmm-est[5.5.987~1-eb8d0]:MleDiagGmmUpdate():mle-diag-gmm.cc:359) Too little data - removing Gaussian (weight 0.004516, occupation count 9.876146, vector size 39)
WARNING (gmm-est[5.5.987~1-eb8d0]:MleDiagGmmUpdate():mle-diag-gmm.cc:359) Too little data - removing Gaussian (weight 0.003534, occupation count 7.728802, vector size 39)
WARNING (gmm-est[5.5.987~1-eb8d0]:MleDiagGmmUpdate():mle-diag-gmm.cc:359) Too little data - removing Gaussian (weight 0.003438, occupation count 7.518357, vector size 39)
WARNING (gmm-est[5.5.987~1-eb8d0]:MleDiagGmmUpdate():mle-diag-gmm.cc:359) Too little data - removing Gaussian (weight 0.003479, occupation count 7.608764, vector size 39)
WARNING (gmm-est[5.5.987~1-eb8d0]:MleDiagGmmUpdate():mle-diag-gmm.cc:359) Too little data - removing Gaussian (weight 0.003529, occupation count 4.955348, vector size 39)
WARNING (gmm-est[5.5.987~1-eb8d0]:MleDiagGmmUpdate():mle-diag-gmm.cc:359) Too little data - removing Gaussian (weight 0.006844, occupation count 9.608992, vector size 39)
WARNING (gmm-est[5.5.987~1-eb8d0]:MleDiagGmmUpdate():mle-diag-gmm.cc:365) Gaussian has too little data but not removing it because it is the last Gaussian: i = 0, occ = 10, weight = 1
LOG (gmm-est[5.5.987~1-eb8d0]:MleAmDiagGmmUpdate():mle-am-diag-gmm.cc:225) 0 variance elements floored in 0 Gaussians, out of 790
LOG (gmm-est[5.5.987~1-eb8d0]:MleAmDiagGmmUpdate():mle-am-diag-gmm.cc:229) Removed 155 Gaussians due to counts < --min-gaussian-occupancy=10 and --remove-low-count-gaussians=true
LOG (gmm-est[5.5.987~1-eb8d0]:main():gmm-est.cc:113) GMM update: Overall 1.09463 objective function improvement per frame over 18996 frames
LOG (gmm-est[5.5.987~1-eb8d0]:main():gmm-est.cc:116) GMM update: Overall avg like per frame = -77.3269 over 18996 frames.
WARNING (gmm-est[5.5.987~1-eb8d0]:GetSplitTargets():model-common.cc:134) Could not split up to 3080 due to min-count = 20 (or no counts at all)

LOG (gmm-est[5.5.987~1-eb8d0]:SplitByCount():am-diag-gmm.cc:116) Split 16 states with target = 3080, power = 0.25, perturb_factor = 0.01 and min_count = 20, split #Gauss from 790 to 945
LOG (gmm-est[5.5.987~1-eb8d0]:main():gmm-est.cc:146) Written model to exp/tri1/5.mdl
# Accounting: time=0 threads=1
# Ended (code 0) at Wed Oct 27 13:36:50 +03 2021, elapsed time 0 seconds
