# gmm-est --write-occs=exp/mono/10.occs --mix-up=277 --power=0.25 exp/mono/9.mdl "gmm-sum-accs - exp/mono/9.*.acc|" exp/mono/10.mdl 
# Started at Wed Oct 27 13:35:59 +03 2021
#
gmm-est --write-occs=exp/mono/10.occs --mix-up=277 --power=0.25 exp/mono/9.mdl 'gmm-sum-accs - exp/mono/9.*.acc|' exp/mono/10.mdl 
gmm-sum-accs - exp/mono/9.1.acc 
LOG (gmm-sum-accs[5.5.987~1-eb8d0]:main():gmm-sum-accs.cc:63) Summed 1 stats, total count 18996, avg like/frame -77.1482
LOG (gmm-sum-accs[5.5.987~1-eb8d0]:main():gmm-sum-accs.cc:66) Total count of stats is 18996
LOG (gmm-sum-accs[5.5.987~1-eb8d0]:main():gmm-sum-accs.cc:67) Written stats to -
LOG (gmm-est[5.5.987~1-eb8d0]:MleUpdate():transition-model.cc:528) TransitionModel::Update, objf change is 1.12488e-06 per frame over 18996 frames. 
LOG (gmm-est[5.5.987~1-eb8d0]:MleUpdate():transition-model.cc:531) 4 probabilities floored, 89 out of 99 transition-states skipped due to insuffient data (it is normal to have some skipped.)
LOG (gmm-est[5.5.987~1-eb8d0]:main():gmm-est.cc:102) Transition model update: Overall 1.12488e-06 log-like improvement per frame over 18996 frames.
WARNING (gmm-est[5.5.987~1-eb8d0]:MleDiagGmmUpdate():mle-diag-gmm.cc:365) Gaussian has too little data but not removing it because it is the last Gaussian: i = 0, occ = 0, weight = 1
WARNING (gmm-est[5.5.987~1-eb8d0]:MleDiagGmmUpdate():mle-diag-gmm.cc:365) Gaussian has too little data but not removing it because it is the last Gaussian: i = 0, occ = 0, weight = 1
WARNING (gmm-est[5.5.987~1-eb8d0]:MleDiagGmmUpdate():mle-diag-gmm.cc:365) Gaussian has too little data but not removing it because it is the last Gaussian: i = 0, occ = 0, weight = 1
WARNING (gmm-est[5.5.987~1-eb8d0]:MleDiagGmmUpdate():mle-diag-gmm.cc:365) Gaussian has too little data but not removing it because it is the last Gaussian: i = 0, occ = 0, weight = 1
WARNING (gmm-est[5.5.987~1-eb8d0]:MleDiagGmmUpdate():mle-diag-gmm.cc:365) Gaussian has too little data but not removing it because it is the last Gaussian: i = 0, occ = 0, weight = 1
WARNING (gmm-est[5.5.987~1-eb8d0]:MleDiagGmmUpdate():mle-diag-gmm.cc:365) Gaussian has too little data but not removing it because it is the last Gaussian: i = 0, occ = 0, weight = 1
WARNING (gmm-est[5.5.987~1-eb8d0]:MleDiagGmmUpdate():mle-diag-gmm.cc:365) Gaussian has too little data but not removing it because it is the last Gaussian: i = 0, occ = 0, weight = 1
WARNING (gmm-est[5.5.987~1-eb8d0]:MleDiagGmmUpdate():mle-diag-gmm.cc:365) Gaussian has too little data but not removing it because it is the last Gaussian: i = 0, occ = 0, weight = 1
WARNING (gmm-est[5.5.987~1-eb8d0]:MleDiagGmmUpdate():mle-diag-gmm.cc:365) Gaussian has too little data but not removing it because it is the last Gaussian: i = 0, occ = 0, weight = 1
WARNING (gmm-est[5.5.987~1-eb8d0]:MleDiagGmmUpdate():mle-diag-gmm.cc:365) Gaussian has too little data but not removing it because it is the last Gaussian: i = 0, occ = 0, weight = 1
WARNING (gmm-est[5.5.987~1-eb8d0]:MleDiagGmmUpdate():mle-diag-gmm.cc:365) Gaussian has too little data but not removing it because it is the last Gaussian: i = 0, occ = 0, weight = 1
LOG (gmm-est[5.5.987~1-eb8d0]:MleAmDiagGmmUpdate():mle-am-diag-gmm.cc:225) 0 variance elements floored in 0 Gaussians, out of 245
LOG (gmm-est[5.5.987~1-eb8d0]:MleAmDiagGmmUpdate():mle-am-diag-gmm.cc:229) Removed 0 Gaussians due to counts < --min-gaussian-occupancy=10 and --remove-low-count-gaussians=true
LOG (gmm-est[5.5.987~1-eb8d0]:main():gmm-est.cc:113) GMM update: Overall 0.282686 objective function improvement per frame over 18996 frames
LOG (gmm-est[5.5.987~1-eb8d0]:main():gmm-est.cc:116) GMM update: Overall avg like per frame = -77.1482 over 18996 frames.
LOG (gmm-est[5.5.987~1-eb8d0]:SplitByCount():am-diag-gmm.cc:116) Split 21 states with target = 277, power = 0.25, perturb_factor = 0.01 and min_count = 20, split #Gauss from 245 to 277
LOG (gmm-est[5.5.987~1-eb8d0]:main():gmm-est.cc:146) Written model to exp/mono/10.mdl
# Accounting: time=1 threads=1
# Ended (code 0) at Wed Oct 27 13:36:00 +03 2021, elapsed time 1 seconds
