# gmm-est --write-occs=exp/mono/14.occs --mix-up=405 --power=0.25 exp/mono/13.mdl "gmm-sum-accs - exp/mono/13.*.acc|" exp/mono/14.mdl 
# Started at Wed Oct 27 13:36:04 +03 2021
#
gmm-est --write-occs=exp/mono/14.occs --mix-up=405 --power=0.25 exp/mono/13.mdl 'gmm-sum-accs - exp/mono/13.*.acc|' exp/mono/14.mdl 
gmm-sum-accs - exp/mono/13.1.acc 
LOG (gmm-sum-accs[5.5.987~1-eb8d0]:main():gmm-sum-accs.cc:63) Summed 1 stats, total count 18996, avg like/frame -75.4819
LOG (gmm-sum-accs[5.5.987~1-eb8d0]:main():gmm-sum-accs.cc:66) Total count of stats is 18996
LOG (gmm-sum-accs[5.5.987~1-eb8d0]:main():gmm-sum-accs.cc:67) Written stats to -
LOG (gmm-est[5.5.987~1-eb8d0]:MleUpdate():transition-model.cc:528) TransitionModel::Update, objf change is 0 per frame over 18996 frames. 
LOG (gmm-est[5.5.987~1-eb8d0]:MleUpdate():transition-model.cc:531) 4 probabilities floored, 89 out of 99 transition-states skipped due to insuffient data (it is normal to have some skipped.)
LOG (gmm-est[5.5.987~1-eb8d0]:main():gmm-est.cc:102) Transition model update: Overall 0 log-like improvement per frame over 18996 frames.
WARNING (gmm-est[5.5.987~1-eb8d0]:MleDiagGmmUpdate():mle-diag-gmm.cc:365) Gaussian has too little data but not removing it because it is the last Gaussian: i = 0, occ = 0, weight = 1
WARNING (gmm-est[5.5.987~1-eb8d0]:MleDiagGmmUpdate():mle-diag-gmm.cc:365) Gaussian has too little data but not removing it because it is the last Gaussian: i = 0, occ = 0, weight = 1
WARNING (gmm-est[5.5.987~1-eb8d0]:MleDiagGmmUpdate():mle-diag-gmm.cc:365) Gaussian has too little data but not removing it because it is the last Gaussian: i = 0, occ = 0, weight = 1
WARNING (gmm-est[5.5.987~1-eb8d0]:MleDiagGmmUpdate():mle-diag-gmm.cc:365) Gaussian has too little data but not removing it because it is the last Gaussian: i = 0, occ = 0, weight = 1
WARNING (gmm-est[5.5.987~1-eb8d0]:MleDiagGmmUpdate():mle-diag-gmm.cc:365) Gaussian has too little data but not removing it because it is the last Gaussian: i = 0, occ = 0, weight = 1
WARNING (gmm-est[5.5.987~1-eb8d0]:MleDiagGmmUpdate():mle-diag-gmm.cc:365) Gaussian has too little data but not removing it because it is the last Gaussian: i = 0, occ = 0, weight = 1
WARNING (gmm-est[5.5.987~1-eb8d0]:MleDiagGmmUpdate():mle-diag-gmm.cc:365) Gaussian has too little data but not removing it because it is the last Gaussian: i = 0, occ = 0, weight = 1
WARNING (gmm-est[5.5.987~1-eb8d0]:MleDiagGmmUpdate():mle-diag-gmm.cc:365) Gaussian has too little data but not removing it because it is the last Gaussian: i = 0, occ = 0, weight = 1
WARNING (gmm-est[5.5.987~1-eb8d0]:MleDiagGmmUpdate():mle-diag-gmm.cc:365) Gaussian has too little data but not removing it because it is the last Gaussian: i = 0, occ = 0, weight = 1
WARNING (gmm-est[5.5.987~1-eb8d0]:MleDiagGmmUpdate():mle-diag-gmm.cc:365) Gaussian has too little data but not removing it because it is the last Gaussian: i = 0, occ = 0, weight = 1
WARNING (gmm-est[5.5.987~1-eb8d0]:MleDiagGmmUpdate():mle-diag-gmm.cc:365) Gaussian has too little data but not removing it because it is the last Gaussian: i = 0, occ = 0, weight = 1
WARNING (gmm-est[5.5.987~1-eb8d0]:MleDiagGmmUpdate():mle-diag-gmm.cc:359) Too little data - removing Gaussian (weight 0.017467, occupation count 8.244233, vector size 39)
WARNING (gmm-est[5.5.987~1-eb8d0]:MleDiagGmmUpdate():mle-diag-gmm.cc:359) Too little data - removing Gaussian (weight 0.006638, occupation count 9.466035, vector size 39)
LOG (gmm-est[5.5.987~1-eb8d0]:MleAmDiagGmmUpdate():mle-am-diag-gmm.cc:225) 0 variance elements floored in 0 Gaussians, out of 371
LOG (gmm-est[5.5.987~1-eb8d0]:MleAmDiagGmmUpdate():mle-am-diag-gmm.cc:229) Removed 2 Gaussians due to counts < --min-gaussian-occupancy=10 and --remove-low-count-gaussians=true
LOG (gmm-est[5.5.987~1-eb8d0]:main():gmm-est.cc:113) GMM update: Overall 0.155564 objective function improvement per frame over 18996 frames
LOG (gmm-est[5.5.987~1-eb8d0]:main():gmm-est.cc:116) GMM update: Overall avg like per frame = -75.4819 over 18996 frames.
LOG (gmm-est[5.5.987~1-eb8d0]:SplitByCount():am-diag-gmm.cc:116) Split 21 states with target = 405, power = 0.25, perturb_factor = 0.01 and min_count = 20, split #Gauss from 371 to 405
LOG (gmm-est[5.5.987~1-eb8d0]:main():gmm-est.cc:146) Written model to exp/mono/14.mdl
# Accounting: time=0 threads=1
# Ended (code 0) at Wed Oct 27 13:36:04 +03 2021, elapsed time 0 seconds
